Открывается файл WARC «jamesjoyce.warc.gz».

--2025-12-09 19:21:30--  https://library.buffalo.edu/jamesjoyce.html
Распознаётся library.buffalo.edu (library.buffalo.edu)… 2.16.6.224, 2.16.6.219
Подключение к library.buffalo.edu (library.buffalo.edu)|2.16.6.224|:443... соединение установлено.
HTTP-запрос отправлен. Ожидание ответа… 200 OK
Длина: 32503 (32K) [text/html]
Сохранение в: «library.buffalo.edu/jamesjoyce.html»

     0K .......... .......... .......... .                    100% 80,3M=0s

2025-12-09 19:21:33 (80,3 MB/s) - «library.buffalo.edu/jamesjoyce.html» сохранён [32503/32503]

Загружается robots.txt; не обращайте внимание на ошибки.
--2025-12-09 19:21:33--  https://library.buffalo.edu/robots.txt
Повторное использование соединения с library.buffalo.edu:443.
HTTP-запрос отправлен. Ожидание ответа… 404 Not Found

     0K .......                                               100%  876M=0s

2025-12-09 19:21:33 ОШИБКА 404: Not Found.

--2025-12-09 19:21:33--  https://library.buffalo.edu/v-47458e1c8779b520b7de22b74cdd4ccf/etc/designs/ubcms/clientlibs.min.47458e1c8779b520b7de22b74cdd4ccf.css
Повторное использование соединения с library.buffalo.edu:443.
HTTP-запрос отправлен. Ожидание ответа… 200 OK
Длина: нет данных [text/css]
Сохранение в: «library.buffalo.edu/v-47458e1c8779b520b7de22b74cdd4ccf/etc/designs/ubcms/clientlibs.min.47458e1c8779b520b7de22b74cdd4ccf.css»

     0K .......... .......... .......... .......... .......... 1,03M
    50K .......... .......... .......... .......... .......... 9,62M
   100K .......... .......... .......... .......... .......... 1,11M
   150K .......... .......... .......... .......... .......... 9,60M
   200K .......... .......... .......... .......... .......... 6,33M
   250K .......... .......... .......... .......... .......... 1,48M
   300K .......... .......... .......... .......... .......... 10,7M
   350K .......... .......... .......... .......... .......... 8,51M
   400K .......... .......... .......... .......... .......... 15,6M
   450K .......... .......... .......... .......... .......... 13,2M
   500K .......... .......... .......... .......... .......... 6,51M
   550K .......... .......... .......... .......... .......... 12,1M
   600K .......... .......... .......... .......... .......... 2,40M
   650K .......... .......... .......... .......... .......... 12,8M
   700K .......... .......... .......... .......... .......... 8,90M
   750K .......... .......... .......... .......... .......... 11,1M
   800K .......... .......... .......... .......... .......... 8,71M
   850K .......... .......... .......... .......... .......... 10,4M
   900K .......... .......... .......... .......... .......... 11,2M
   950K .......... .......... .......... .......... .......... 7,46M
  1000K .......... .......... .......... .....                 11,7M=0,2s

2025-12-09 19:21:34 (4,42 MB/s) - «library.buffalo.edu/v-47458e1c8779b520b7de22b74cdd4ccf/etc/designs/ubcms/clientlibs.min.47458e1c8779b520b7de22b74cdd4ccf.css» сохранён [1060521]

--2025-12-09 19:21:34--  https://library.buffalo.edu/v-99bfdcd0f4e9337dce13612ee3f963b4/etc/designs/library/css/main.css
Повторное использование соединения с library.buffalo.edu:443.
HTTP-запрос отправлен. Ожидание ответа… 200 OK
Длина: нет данных [text/css]
Сохранение в: «library.buffalo.edu/v-99bfdcd0f4e9337dce13612ee3f963b4/etc/designs/library/css/main.css»

     0K .......... .......... .......... .......... .......... 34,1M
    50K ..                                                     42,8K=0,001s

2025-12-09 19:21:34 (35,5 MB/s) - «library.buffalo.edu/v-99bfdcd0f4e9337dce13612ee3f963b4/etc/designs/library/css/main.css» сохранён [53393]

--2025-12-09 19:21:34--  https://library.buffalo.edu/v-0a5fefd446109e82d35bd3767b4e6bda/etc/designs/ubcms/clientlibs-polyfills.min.0a5fefd446109e82d35bd3767b4e6bda.js
Повторное использование соединения с library.buffalo.edu:443.
HTTP-запрос отправлен. Ожидание ответа… 200 OK
Длина: нет данных [application/javascript]
Сохранение в: «library.buffalo.edu/v-0a5fefd446109e82d35bd3767b4e6bda/etc/designs/ubcms/clientlibs-polyfills.min.0a5fefd446109e82d35bd3767b4e6bda.js»

     0K .......... .......... .......... .......... .......... 30,9M
    50K .......... .......... .......... .......... .......... 11,2M
   100K .......... .......... .......... .......... .......... 9,31M
   150K .......... .......... .......                          28,9M=0,01s

2025-12-09 19:21:34 (14,3 MB/s) - «library.buffalo.edu/v-0a5fefd446109e82d35bd3767b4e6bda/etc/designs/ubcms/clientlibs-polyfills.min.0a5fefd446109e82d35bd3767b4e6bda.js» сохранён [181432]

--2025-12-09 19:21:34--  https://library.buffalo.edu/v-c8339545b501e3db3abc37c9a4cc2d6e/etc.clientlibs/core/wcm/components/commons/site/clientlibs/container.min.c8339545b501e3db3abc37c9a4cc2d6e.js
Повторное использование соединения с library.buffalo.edu:443.
HTTP-запрос отправлен. Ожидание ответа… 200 OK
Длина: 971 [application/javascript]
Сохранение в: «library.buffalo.edu/v-c8339545b501e3db3abc37c9a4cc2d6e/etc.clientlibs/core/wcm/components/commons/site/clientlibs/container.min.c8339545b501e3db3abc37c9a4cc2d6e.js»

     0K                                                       100%  185M=0s

2025-12-09 19:21:34 (185 MB/s) - «library.buffalo.edu/v-c8339545b501e3db3abc37c9a4cc2d6e/etc.clientlibs/core/wcm/components/commons/site/clientlibs/container.min.c8339545b501e3db3abc37c9a4cc2d6e.js» сохранён [971/971]

--2025-12-09 19:21:34--  https://library.buffalo.edu/v-02d6ce0231660ccd8d621bc0e6fc6308/etc/designs/ubcms/clientlibs.min.02d6ce0231660ccd8d621bc0e6fc6308.js
Повторное использование соединения с library.buffalo.edu:443.
HTTP-запрос отправлен. Ожидание ответа… 200 OK
Длина: нет данных [application/javascript]
Сохранение в: «library.buffalo.edu/v-02d6ce0231660ccd8d621bc0e6fc6308/etc/designs/ubcms/clientlibs.min.02d6ce0231660ccd8d621bc0e6fc6308.js»

     0K .......... .......... .......... .......... .......... 26,1M
    50K .......... .......... .......... .......... .......... 12,1M
   100K .......... .......... .......... .......... .......... 8,14M
   150K .......... .......... .......... .......... .......... 8,83M
   200K .......... .......... .......... .......... .......... 7,28M
   250K .......... .......... .....                             251K=0,1s

2025-12-09 19:21:34 (2,11 MB/s) - «library.buffalo.edu/v-02d6ce0231660ccd8d621bc0e6fc6308/etc/designs/ubcms/clientlibs.min.02d6ce0231660ccd8d621bc0e6fc6308.js» сохранён [282618]

--2025-12-09 19:21:34--  https://library.buffalo.edu/v-674558e93bbcbbc8d2addbb13ec687f8/etc/designs/library/js/main.js
Повторное использование соединения с library.buffalo.edu:443.
HTTP-запрос отправлен. Ожидание ответа… 200 OK
Длина: 1451 (1,4K) [application/javascript]
Сохранение в: «library.buffalo.edu/v-674558e93bbcbbc8d2addbb13ec687f8/etc/designs/library/js/main.js»

     0K .                                                     100%  231M=0s

2025-12-09 19:21:34 (231 MB/s) - «library.buffalo.edu/v-674558e93bbcbbc8d2addbb13ec687f8/etc/designs/library/js/main.js» сохранён [1451/1451]

--2025-12-09 19:21:34--  https://library.buffalo.edu/content/library/jamesjoyce/jcr:content/top/image.img.448.118.m.q50.png/1747772335605.png
Повторное использование соединения с library.buffalo.edu:443.
HTTP-запрос отправлен. Ожидание ответа… 200 OK
Длина: 94264 (92K) [image/png]
Сохранение в: «library.buffalo.edu/content/library/jamesjoyce/jcr:content/top/image.img.448.118.m.q50.png/1747772335605.png»

     0K .......... .......... .......... .......... .......... 54% 51,2M 0s
    50K .......... .......... .......... .......... ..        100%  210K=0,2s

2025-12-09 19:21:35 (457 KB/s) - «library.buffalo.edu/content/library/jamesjoyce/jcr:content/top/image.img.448.118.m.q50.png/1747772335605.png» сохранён [94264/94264]

--2025-12-09 19:21:35--  https://library.buffalo.edu/content/library/jamesjoyce/jcr:content/top/image.img.576.151.m.q50.png/1747772335605.png
Повторное использование соединения с library.buffalo.edu:443.
HTTP-запрос отправлен. Ожидание ответа… 200 OK
Длина: 153257 (150K) [image/png]
Сохранение в: «library.buffalo.edu/content/library/jamesjoyce/jcr:content/top/image.img.576.151.m.q50.png/1747772335605.png»

     0K .......... .......... .......... .......... .......... 33% 21,9M 0s
    50K .......... .......... .......... .......... .......... 66% 10,7M 0s
   100K .......... .......... .......... .......... ......... 100%  473K=0,1s

2025-12-09 19:21:35 (1,31 MB/s) - «library.buffalo.edu/content/library/jamesjoyce/jcr:content/top/image.img.576.151.m.q50.png/1747772335605.png» сохранён [153257/153257]

--2025-12-09 19:21:35--  https://library.buffalo.edu/content/library/jamesjoyce/jcr:content/top/image.img.688.181.q80.png/1747772335605.png
Повторное использование соединения с library.buffalo.edu:443.
HTTP-запрос отправлен. Ожидание ответа… 200 OK
Длина: 217770 (213K) [image/png]
Сохранение в: «library.buffalo.edu/content/library/jamesjoyce/jcr:content/top/image.img.688.181.q80.png/1747772335605.png»

     0K .......... .......... .......... .......... .......... 23% 31,3M 0s
    50K .......... .......... .......... .......... .......... 47%  479K 0s
   100K .......... .......... .......... .......... .......... 70%  457K 0s
   150K .......... .......... .......... .......... .......... 94%  492K 0s
   200K .......... ..                                         100% 51,5M=0,3s

2025-12-09 19:21:35 (670 KB/s) - «library.buffalo.edu/content/library/jamesjoyce/jcr:content/top/image.img.688.181.q80.png/1747772335605.png» сохранён [217770/217770]

--2025-12-09 19:21:35--  https://library.buffalo.edu/content/library/jamesjoyce/jcr:content/top/image.img.926.244.png/1747772335605.png
Повторное использование соединения с library.buffalo.edu:443.
HTTP-запрос отправлен. Ожидание ответа… 200 OK
Длина: 390712 (382K) [image/png]
Сохранение в: «library.buffalo.edu/content/library/jamesjoyce/jcr:content/top/image.img.926.244.png/1747772335605.png»

     0K .......... .......... .......... .......... .......... 13% 14,0M 0s
    50K .......... .......... .......... .......... .......... 26% 8,78M 0s
   100K .......... .......... .......... .......... .......... 39% 8,44M 0s
   150K .......... .......... .......... .......... .......... 52% 10,7M 0s
   200K .......... .......... .......... .......... .......... 65% 8,00M 0s
   250K .......... .......... .......... .......... .......... 78% 8,83M 0s
   300K .......... .......... .......... .......... .......... 91% 6,65M 0s
   350K .......... .......... .......... .                    100%  312K=0,1s

2025-12-09 19:21:36 (2,67 MB/s) - «library.buffalo.edu/content/library/jamesjoyce/jcr:content/top/image.img.926.244.png/1747772335605.png» сохранён [390712/390712]

--2025-12-09 19:21:36--  https://library.buffalo.edu/content/library/jamesjoyce/jcr:content/top/image.img.1852.488.q65.png/1747772335605.png
Повторное использование соединения с library.buffalo.edu:443.
HTTP-запрос отправлен. Ожидание ответа… 200 OK
Длина: 1500583 (1,4M) [image/png]
Сохранение в: «library.buffalo.edu/content/library/jamesjoyce/jcr:content/top/image.img.1852.488.q65.png/1747772335605.png»

     0K .......... .......... .......... .......... ..........  3% 17,0M 0s
    50K .......... .......... .......... .......... ..........  6%  335K 2s
   100K .......... .......... .......... .......... .......... 10% 32,4M 1s
   150K .......... .......... .......... .......... .......... 13% 35,8M 1s
   200K .......... .......... .......... .......... .......... 17% 74,7M 1s
   250K .......... .......... .......... .......... .......... 20% 44,5M 1s
   300K .......... .......... .......... .......... .......... 23% 50,7M 1s
   350K .......... .......... .......... .......... .......... 27% 65,2M 0s
   400K .......... .......... .......... .......... .......... 30% 64,8M 0s
   450K .......... .......... .......... .......... .......... 34% 70,7M 0s
   500K .......... .......... .......... .......... .......... 37% 85,1M 0s
   550K .......... .......... .......... .......... .......... 40% 68,5M 0s
   600K .......... .......... .......... .......... .......... 44%  100M 0s
   650K .......... .......... .......... .......... .......... 47% 66,8M 0s
   700K .......... .......... .......... .......... .......... 51% 92,5M 0s
   750K .......... .......... .......... .......... .......... 54% 58,2M 0s
   800K .......... .......... .......... .......... .......... 58% 74,7M 0s
   850K .......... .......... .......... .......... .......... 61% 95,9M 0s
   900K .......... .......... .......... .......... .......... 64% 80,7M 0s
   950K .......... .......... .......... .......... .......... 68%  102M 0s
  1000K .......... .......... .......... .......... .......... 71% 77,4M 0s
  1050K .......... .......... .......... .......... .......... 75% 61,3M 0s
  1100K .......... .......... .......... .......... .......... 78%  111M 0s
  1150K .......... .......... .......... .......... .......... 81% 73,9M 0s
  1200K .......... .......... .......... .......... .......... 85% 74,7M 0s
  1250K .......... .......... .......... .......... .......... 88% 78,5M 0s
  1300K .......... .......... .......... .......... .......... 92% 52,4M 0s
  1350K .......... .......... .......... .......... .......... 95%  107M 0s
  1400K .......... .......... .......... .......... .......... 98% 1,84M 0s
  1450K .......... .....                                      100% 69,7M=0,2s

2025-12-09 19:21:36 (7,23 MB/s) - «library.buffalo.edu/content/library/jamesjoyce/jcr:content/top/image.img.1852.488.q65.png/1747772335605.png» сохранён [1500583/1500583]

--2025-12-09 19:21:36--  https://library.buffalo.edu/content/library/jamesjoyce/_jcr_content/top/image.img.926.244.png/1747772335605.png
Повторное использование соединения с library.buffalo.edu:443.
HTTP-запрос отправлен. Ожидание ответа… 200 OK
Длина: 390712 (382K) [image/png]
Сохранение в: «library.buffalo.edu/content/library/jamesjoyce/_jcr_content/top/image.img.926.244.png/1747772335605.png»

     0K .......... .......... .......... .......... .......... 13% 10,8M 0s
    50K .......... .......... .......... .......... .......... 26% 11,1M 0s
   100K .......... .......... .......... .......... .......... 39% 11,6M 0s
   150K .......... .......... .......... .......... .......... 52% 9,77M 0s
   200K .......... .......... .......... .......... .......... 65% 8,48M 0s
   250K .......... .......... .......... .......... .......... 78% 10,4M 0s
   300K .......... .......... .......... .......... .......... 91% 6,47M 0s
   350K .......... .......... .......... .                    100%  307K=0,1s

2025-12-09 19:21:36 (2,68 MB/s) - «library.buffalo.edu/content/library/jamesjoyce/_jcr_content/top/image.img.926.244.png/1747772335605.png» сохранён [390712/390712]

--2025-12-09 19:21:36--  https://library.buffalo.edu/etc/designs/ubcms/clientlibs-angular/ubcms-es2015.min.11ae9198cf7dce27d3cf94a5b757cdb5.11ae9198cf7dce27d3cf94a5b757cdb5.css
Повторное использование соединения с library.buffalo.edu:443.
HTTP-запрос отправлен. Ожидание ответа… 200 OK
Длина: 3861 (3,8K) [text/css]
Сохранение в: «library.buffalo.edu/etc/designs/ubcms/clientlibs-angular/ubcms-es2015.min.11ae9198cf7dce27d3cf94a5b757cdb5.11ae9198cf7dce27d3cf94a5b757cdb5.css»

     0K ...                                                   100% 1,20G=0s

2025-12-09 19:21:36 (1,20 GB/s) - «library.buffalo.edu/etc/designs/ubcms/clientlibs-angular/ubcms-es2015.min.11ae9198cf7dce27d3cf94a5b757cdb5.11ae9198cf7dce27d3cf94a5b757cdb5.css» сохранён [3861/3861]

--2025-12-09 19:21:36--  https://library.buffalo.edu/etc/designs/ubcms/clientlibs-angular/ubcms-es2015.min.e67658fe2239fe8e4e1a682c23af459b.4ee5914a50b628d85ee682e2ccbd9bf0.js
Повторное использование соединения с library.buffalo.edu:443.
HTTP-запрос отправлен. Ожидание ответа… 200 OK
Длина: нет данных [application/javascript]
Сохранение в: «library.buffalo.edu/etc/designs/ubcms/clientlibs-angular/ubcms-es2015.min.e67658fe2239fe8e4e1a682c23af459b.4ee5914a50b628d85ee682e2ccbd9bf0.js»

     0K .......... .......... .......... .......... .......... 8,09M
    50K .......... .......... .......... .......... .......... 9,84M
   100K .......... .......... .......... .......... ..........  596K
   150K .......... .......... .......... .......... .......... 28,0M
   200K .......... .......... .......... .......... .......... 52,3M
   250K .......... .......... .......... .......... .......... 49,8M
   300K .......... .......... .......... .......... .......... 57,6M
   350K .......... .......... .......... .......... .......... 84,9M
   400K .......... .......... .......... .......... .......... 72,1M
   450K .......... .......... .......... .......... .......... 84,2M
   500K .......... .......... .......... .......... .......... 83,0M
   550K .......... .......... .......... .......... .......... 71,7M
   600K .......... .......... .......... .......... .......... 79,9M
   650K .......... .......... .......... .......... .......... 83,0M
   700K .......... .......... .......... .......... .......... 91,8M
   750K .......... .......... .......... .......... .......... 69,2M
   800K .......... .......... .......... .........              104M=0,1s

2025-12-09 19:21:37 (7,79 MB/s) - «library.buffalo.edu/etc/designs/ubcms/clientlibs-angular/ubcms-es2015.min.e67658fe2239fe8e4e1a682c23af459b.4ee5914a50b628d85ee682e2ccbd9bf0.js» сохранён [859733]

--2025-12-09 19:21:37--  https://library.buffalo.edu/etc/designs/ubcms/clientlibs-angular/ubcms-es5.min.4586a53252478885a28a6b3a666831b9.52d31cd1af1ce818749acec647f822ac.js
Повторное использование соединения с library.buffalo.edu:443.
HTTP-запрос отправлен. Ожидание ответа… 200 OK
Длина: нет данных [application/javascript]
Сохранение в: «library.buffalo.edu/etc/designs/ubcms/clientlibs-angular/ubcms-es5.min.4586a53252478885a28a6b3a666831b9.52d31cd1af1ce818749acec647f822ac.js»

     0K .......... .......... .......... .......... .......... 93,0M
    50K .......... .......... .......... .......... .......... 10,1M
   100K .......... .......... .......... .......... .......... 10,9M
   150K .......... .......... .......... .......... .......... 11,5M
   200K .......... .......... .......... .......... .......... 1,60M
   250K .......... .......... .......... .......... .......... 9,69M
   300K .......... .......... .......... .......... .......... 11,3M
   350K .......... .......... .......... .......... .......... 1,13M
   400K .......... .......... .......... .......... .......... 11,0M
   450K .......... .......... .......... .......... .......... 5,14M
   500K .......... .......... .......... .......... .......... 55,5M
   550K .......... .......... .......... .......... ..........  358K
   600K .......... .......... .......... .......... .......... 6,90M
   650K .......... .......... .......... .......... .......... 11,6M
   700K .......... .......... .......... .......... .......... 13,1M
   750K .......... .......... .......... .......... .......... 12,2M
   800K .......... .......... .......... .......... .......... 1,45M
   850K .......... .......... .......... .......... .......... 8,06M
   900K .......... .......... .......... .......... .......... 8,21M
   950K .......... .......... .......... .......... .......... 7,56M
  1000K .......... .......... .......... .......... .......... 12,9M
  1050K .......... .......... .......... .......... .......... 7,85M
  1100K .......... .......... .                                15,0M=0,3s

2025-12-09 19:21:37 (3,28 MB/s) - «library.buffalo.edu/etc/designs/ubcms/clientlibs-angular/ubcms-es5.min.4586a53252478885a28a6b3a666831b9.52d31cd1af1ce818749acec647f822ac.js» сохранён [1147960]

--2025-12-09 19:21:37--  https://library.buffalo.edu/content/library/jamesjoyce/jcr:content/top/image_203899460_copy.img.448.auto.m.q50.jpg/1747772813716.jpg
Повторное использование соединения с library.buffalo.edu:443.
HTTP-запрос отправлен. Ожидание ответа… 200 OK
Длина: 10447 (10K) [image/jpeg]
Сохранение в: «library.buffalo.edu/content/library/jamesjoyce/jcr:content/top/image_203899460_copy.img.448.auto.m.q50.jpg/1747772813716.jpg»

     0K ..........                                            100% 28,9M=0s

2025-12-09 19:21:38 (28,9 MB/s) - «library.buffalo.edu/content/library/jamesjoyce/jcr:content/top/image_203899460_copy.img.448.auto.m.q50.jpg/1747772813716.jpg» сохранён [10447/10447]

--2025-12-09 19:21:38--  https://library.buffalo.edu/content/library/jamesjoyce/jcr:content/top/image_203899460_copy.img.576.auto.m.q50.jpg/1747772813716.jpg
Повторное использование соединения с library.buffalo.edu:443.
HTTP-запрос отправлен. Ожидание ответа… 200 OK
Длина: 14940 (15K) [image/jpeg]
Сохранение в: «library.buffalo.edu/content/library/jamesjoyce/jcr:content/top/image_203899460_copy.img.576.auto.m.q50.jpg/1747772813716.jpg»

     0K .......... ....                                       100%  144K=0,1s

2025-12-09 19:21:38 (144 KB/s) - «library.buffalo.edu/content/library/jamesjoyce/jcr:content/top/image_203899460_copy.img.576.auto.m.q50.jpg/1747772813716.jpg» сохранён [14940/14940]

--2025-12-09 19:21:38--  https://library.buffalo.edu/content/library/jamesjoyce/jcr:content/top/image_203899460_copy.img.688.auto.q80.jpg/1747772813716.jpg
Повторное использование соединения с library.buffalo.edu:443.
HTTP-запрос отправлен. Ожидание ответа… 200 OK
Длина: 32606 (32K) [image/jpeg]
Сохранение в: «library.buffalo.edu/content/library/jamesjoyce/jcr:content/top/image_203899460_copy.img.688.auto.q80.jpg/1747772813716.jpg»

     0K .......... .......... .......... .                    100%  318K=0,1s

2025-12-09 19:21:38 (318 KB/s) - «library.buffalo.edu/content/library/jamesjoyce/jcr:content/top/image_203899460_copy.img.688.auto.q80.jpg/1747772813716.jpg» сохранён [32606/32606]

--2025-12-09 19:21:38--  https://library.buffalo.edu/content/library/jamesjoyce/jcr:content/top/image_203899460_copy.img.292.auto.jpg/1747772813716.jpg
Повторное использование соединения с library.buffalo.edu:443.
HTTP-запрос отправлен. Ожидание ответа… 200 OK
Длина: 19252 (19K) [image/jpeg]
Сохранение в: «library.buffalo.edu/content/library/jamesjoyce/jcr:content/top/image_203899460_copy.img.292.auto.jpg/1747772813716.jpg»

     0K .......... ........                                   100% 12,6M=0,001s

2025-12-09 19:21:38 (12,6 MB/s) - «library.buffalo.edu/content/library/jamesjoyce/jcr:content/top/image_203899460_copy.img.292.auto.jpg/1747772813716.jpg» сохранён [19252/19252]

--2025-12-09 19:21:38--  https://library.buffalo.edu/content/library/jamesjoyce/jcr:content/top/image_203899460_copy.img.584.auto.q65.jpg/1747772813716.jpg
Повторное использование соединения с library.buffalo.edu:443.
HTTP-запрос отправлен. Ожидание ответа… 200 OK
Длина: 18614 (18K) [image/jpeg]
Сохранение в: «library.buffalo.edu/content/library/jamesjoyce/jcr:content/top/image_203899460_copy.img.584.auto.q65.jpg/1747772813716.jpg»

     0K .......... ........                                   100% 20,0M=0,001s

2025-12-09 19:21:38 (20,0 MB/s) - «library.buffalo.edu/content/library/jamesjoyce/jcr:content/top/image_203899460_copy.img.584.auto.q65.jpg/1747772813716.jpg» сохранён [18614/18614]

--2025-12-09 19:21:38--  https://library.buffalo.edu/content/library/jamesjoyce/_jcr_content/top/image_203899460_copy.img.292.auto.jpg/1747772813716.jpg
Повторное использование соединения с library.buffalo.edu:443.
HTTP-запрос отправлен. Ожидание ответа… 200 OK
Длина: 19252 (19K) [image/jpeg]
Сохранение в: «library.buffalo.edu/content/library/jamesjoyce/_jcr_content/top/image_203899460_copy.img.292.auto.jpg/1747772813716.jpg»

     0K .......... ........                                   100% 57,2M=0s

2025-12-09 19:21:38 (57,2 MB/s) - «library.buffalo.edu/content/library/jamesjoyce/_jcr_content/top/image_203899460_copy.img.292.auto.jpg/1747772813716.jpg» сохранён [19252/19252]

--2025-12-09 19:21:38--  https://library.buffalo.edu/content/library/jamesjoyce/jcr:content/top/image_203899460_copy_1282386810.img.448.auto.m.q50.jpg/1747773005494.jpg
Повторное использование соединения с library.buffalo.edu:443.
HTTP-запрос отправлен. Ожидание ответа… 200 OK
Длина: 7388 (7,2K) [image/jpeg]
Сохранение в: «library.buffalo.edu/content/library/jamesjoyce/jcr:content/top/image_203899460_copy_1282386810.img.448.auto.m.q50.jpg/1747773005494.jpg»

     0K .......                                               100% 71,9K=0,1s

2025-12-09 19:21:39 (71,9 KB/s) - «library.buffalo.edu/content/library/jamesjoyce/jcr:content/top/image_203899460_copy_1282386810.img.448.auto.m.q50.jpg/1747773005494.jpg» сохранён [7388/7388]

--2025-12-09 19:21:39--  https://library.buffalo.edu/content/library/jamesjoyce/jcr:content/top/image_203899460_copy_1282386810.img.576.auto.m.q50.jpg/1747773005494.jpg
Повторное использование соединения с library.buffalo.edu:443.
HTTP-запрос отправлен. Ожидание ответа… 200 OK
Длина: 10801 (11K) [image/jpeg]
Сохранение в: «library.buffalo.edu/content/library/jamesjoyce/jcr:content/top/image_203899460_copy_1282386810.img.576.auto.m.q50.jpg/1747773005494.jpg»

     0K ..........                                            100% 26,6M=0s

2025-12-09 19:21:39 (26,6 MB/s) - «library.buffalo.edu/content/library/jamesjoyce/jcr:content/top/image_203899460_copy_1282386810.img.576.auto.m.q50.jpg/1747773005494.jpg» сохранён [10801/10801]

--2025-12-09 19:21:39--  https://library.buffalo.edu/content/library/jamesjoyce/jcr:content/top/image_203899460_copy_1282386810.img.688.auto.q80.jpg/1747773005494.jpg
Повторное использование соединения с library.buffalo.edu:443.
HTTP-запрос отправлен. Ожидание ответа… 200 OK
Длина: 24468 (24K) [image/jpeg]
Сохранение в: «library.buffalo.edu/content/library/jamesjoyce/jcr:content/top/image_203899460_copy_1282386810.img.688.auto.q80.jpg/1747773005494.jpg»

     0K .......... .......... ...                             100%  236K=0,1s

2025-12-09 19:21:39 (236 KB/s) - «library.buffalo.edu/content/library/jamesjoyce/jcr:content/top/image_203899460_copy_1282386810.img.688.auto.q80.jpg/1747773005494.jpg» сохранён [24468/24468]

--2025-12-09 19:21:39--  https://library.buffalo.edu/content/library/jamesjoyce/jcr:content/top/image_203899460_copy_1282386810.img.292.auto.jpg/1747773005494.jpg
Повторное использование соединения с library.buffalo.edu:443.
HTTP-запрос отправлен. Ожидание ответа… 200 OK
Длина: 14354 (14K) [image/jpeg]
Сохранение в: «library.buffalo.edu/content/library/jamesjoyce/jcr:content/top/image_203899460_copy_1282386810.img.292.auto.jpg/1747773005494.jpg»

     0K .......... ....                                       100% 26,2M=0,001s

2025-12-09 19:21:39 (26,2 MB/s) - «library.buffalo.edu/content/library/jamesjoyce/jcr:content/top/image_203899460_copy_1282386810.img.292.auto.jpg/1747773005494.jpg» сохранён [14354/14354]

--2025-12-09 19:21:39--  https://library.buffalo.edu/content/library/jamesjoyce/jcr:content/top/image_203899460_copy_1282386810.img.584.auto.q65.jpg/1747773005494.jpg
Повторное использование соединения с library.buffalo.edu:443.
HTTP-запрос отправлен. Ожидание ответа… 200 OK
Длина: 13624 (13K) [image/jpeg]
Сохранение в: «library.buffalo.edu/content/library/jamesjoyce/jcr:content/top/image_203899460_copy_1282386810.img.584.auto.q65.jpg/1747773005494.jpg»

     0K .......... ...                                        100%  132K=0,1s

2025-12-09 19:21:40 (132 KB/s) - «library.buffalo.edu/content/library/jamesjoyce/jcr:content/top/image_203899460_copy_1282386810.img.584.auto.q65.jpg/1747773005494.jpg» сохранён [13624/13624]

--2025-12-09 19:21:40--  https://library.buffalo.edu/content/library/jamesjoyce/_jcr_content/top/image_203899460_copy_1282386810.img.292.auto.jpg/1747773005494.jpg
Повторное использование соединения с library.buffalo.edu:443.
HTTP-запрос отправлен. Ожидание ответа… 200 OK
Длина: 14354 (14K) [image/jpeg]
Сохранение в: «library.buffalo.edu/content/library/jamesjoyce/_jcr_content/top/image_203899460_copy_1282386810.img.292.auto.jpg/1747773005494.jpg»

     0K .......... ....                                       100% 52,2M=0s

2025-12-09 19:21:40 (52,2 MB/s) - «library.buffalo.edu/content/library/jamesjoyce/_jcr_content/top/image_203899460_copy_1282386810.img.292.auto.jpg/1747773005494.jpg» сохранён [14354/14354]

--2025-12-09 19:21:40--  https://library.buffalo.edu/v-e541efb31faa2518c910054a542e1234/etc.clientlibs/wci/components/block/fatfooter/clientlibs/resources/ub-logo-two-line.png
Повторное использование соединения с library.buffalo.edu:443.
HTTP-запрос отправлен. Ожидание ответа… 200 OK
Длина: 28470 (28K) [image/png]
Сохранение в: «library.buffalo.edu/v-e541efb31faa2518c910054a542e1234/etc.clientlibs/wci/components/block/fatfooter/clientlibs/resources/ub-logo-two-line.png»

     0K .......... .......... .......                         100%  281K=0,1s

2025-12-09 19:21:40 (281 KB/s) - «library.buffalo.edu/v-e541efb31faa2518c910054a542e1234/etc.clientlibs/wci/components/block/fatfooter/clientlibs/resources/ub-logo-two-line.png» сохранён [28470/28470]

--2025-12-09 19:21:40--  https://library.buffalo.edu/v-47458e1c8779b520b7de22b74cdd4ccf/etc/designs/ubcms/clientlibs-main/images/stdbutton.png
Повторное использование соединения с library.buffalo.edu:443.
HTTP-запрос отправлен. Ожидание ответа… 200 OK
Длина: 2353 (2,3K) [image/png]
Сохранение в: «library.buffalo.edu/v-47458e1c8779b520b7de22b74cdd4ccf/etc/designs/ubcms/clientlibs-main/images/stdbutton.png»

     0K ..                                                    100% 7,01M=0s

2025-12-09 19:21:40 (7,01 MB/s) - «library.buffalo.edu/v-47458e1c8779b520b7de22b74cdd4ccf/etc/designs/ubcms/clientlibs-main/images/stdbutton.png» сохранён [2353/2353]

--2025-12-09 19:21:40--  https://library.buffalo.edu/v-47458e1c8779b520b7de22b74cdd4ccf/etc/designs/ubcms/clientlibs-main/images/oval-gray-left.gif
Повторное использование соединения с library.buffalo.edu:443.
HTTP-запрос отправлен. Ожидание ответа… 200 OK
Длина: 409 [image/gif]
Сохранение в: «library.buffalo.edu/v-47458e1c8779b520b7de22b74cdd4ccf/etc/designs/ubcms/clientlibs-main/images/oval-gray-left.gif»

     0K                                                       100%  130M=0s

2025-12-09 19:21:40 (130 MB/s) - «library.buffalo.edu/v-47458e1c8779b520b7de22b74cdd4ccf/etc/designs/ubcms/clientlibs-main/images/oval-gray-left.gif» сохранён [409/409]

--2025-12-09 19:21:40--  https://library.buffalo.edu/v-47458e1c8779b520b7de22b74cdd4ccf/etc/designs/ubcms/clientlibs-main/images/oval-gray-right.gif
Повторное использование соединения с library.buffalo.edu:443.
HTTP-запрос отправлен. Ожидание ответа… 200 OK
Длина: 1415 (1,4K) [image/gif]
Сохранение в: «library.buffalo.edu/v-47458e1c8779b520b7de22b74cdd4ccf/etc/designs/ubcms/clientlibs-main/images/oval-gray-right.gif»

     0K .                                                     100%  450M=0s

2025-12-09 19:21:40 (450 MB/s) - «library.buffalo.edu/v-47458e1c8779b520b7de22b74cdd4ccf/etc/designs/ubcms/clientlibs-main/images/oval-gray-right.gif» сохранён [1415/1415]

--2025-12-09 19:21:40--  https://library.buffalo.edu/v-47458e1c8779b520b7de22b74cdd4ccf/etc/designs/ubcms/fonts/31981B_0_0-s.woff2
Повторное использование соединения с library.buffalo.edu:443.
HTTP-запрос отправлен. Ожидание ответа… 200 OK
Длина: 21076 (21K) [font/woff2]
Сохранение в: «library.buffalo.edu/v-47458e1c8779b520b7de22b74cdd4ccf/etc/designs/ubcms/fonts/31981B_0_0-s.woff2»

     0K .......... ..........                                 100% 34,6M=0,001s

2025-12-09 19:21:41 (34,6 MB/s) - «library.buffalo.edu/v-47458e1c8779b520b7de22b74cdd4ccf/etc/designs/ubcms/fonts/31981B_0_0-s.woff2» сохранён [21076/21076]

--2025-12-09 19:21:41--  https://library.buffalo.edu/v-47458e1c8779b520b7de22b74cdd4ccf/etc/designs/ubcms/fonts/31981B_0_0-s.woff
Повторное использование соединения с library.buffalo.edu:443.
HTTP-запрос отправлен. Ожидание ответа… 200 OK
Длина: 28236 (28K) [font/woff]
Сохранение в: «library.buffalo.edu/v-47458e1c8779b520b7de22b74cdd4ccf/etc/designs/ubcms/fonts/31981B_0_0-s.woff»

     0K .......... .......... .......                         100% 48,3M=0,001s

2025-12-09 19:21:41 (48,3 MB/s) - «library.buffalo.edu/v-47458e1c8779b520b7de22b74cdd4ccf/etc/designs/ubcms/fonts/31981B_0_0-s.woff» сохранён [28236/28236]

--2025-12-09 19:21:41--  https://library.buffalo.edu/v-47458e1c8779b520b7de22b74cdd4ccf/etc/designs/ubcms/fonts/3a55f768-1b87-426c-aa1b-d8ad13025b5f-s.woff2
Повторное использование соединения с library.buffalo.edu:443.
HTTP-запрос отправлен. Ожидание ответа… 200 OK
Длина: 21340 (21K) [font/woff2]
Сохранение в: «library.buffalo.edu/v-47458e1c8779b520b7de22b74cdd4ccf/etc/designs/ubcms/fonts/3a55f768-1b87-426c-aa1b-d8ad13025b5f-s.woff2»

     0K .......... ..........                                 100% 26,6M=0,001s

2025-12-09 19:21:41 (26,6 MB/s) - «library.buffalo.edu/v-47458e1c8779b520b7de22b74cdd4ccf/etc/designs/ubcms/fonts/3a55f768-1b87-426c-aa1b-d8ad13025b5f-s.woff2» сохранён [21340/21340]

--2025-12-09 19:21:41--  https://library.buffalo.edu/v-47458e1c8779b520b7de22b74cdd4ccf/etc/designs/ubcms/fonts/3a55f768-1b87-426c-aa1b-d8ad13025b5f-s.woff
Повторное использование соединения с library.buffalo.edu:443.
HTTP-запрос отправлен. Ожидание ответа… 200 OK
Длина: 27336 (27K) [font/woff]
Сохранение в: «library.buffalo.edu/v-47458e1c8779b520b7de22b74cdd4ccf/etc/designs/ubcms/fonts/3a55f768-1b87-426c-aa1b-d8ad13025b5f-s.woff»

     0K .......... .......... ......                          100%  269K=0,1s

2025-12-09 19:21:41 (269 KB/s) - «library.buffalo.edu/v-47458e1c8779b520b7de22b74cdd4ccf/etc/designs/ubcms/fonts/3a55f768-1b87-426c-aa1b-d8ad13025b5f-s.woff» сохранён [27336/27336]

--2025-12-09 19:21:41--  https://library.buffalo.edu/v-47458e1c8779b520b7de22b74cdd4ccf/etc/designs/ubcms/fonts/31981B_1_0-s.woff2
Повторное использование соединения с library.buffalo.edu:443.
HTTP-запрос отправлен. Ожидание ответа… 200 OK
Длина: 21412 (21K) [font/woff2]
Сохранение в: «library.buffalo.edu/v-47458e1c8779b520b7de22b74cdd4ccf/etc/designs/ubcms/fonts/31981B_1_0-s.woff2»

     0K .......... ..........                                 100% 37,6M=0,001s

2025-12-09 19:21:41 (37,6 MB/s) - «library.buffalo.edu/v-47458e1c8779b520b7de22b74cdd4ccf/etc/designs/ubcms/fonts/31981B_1_0-s.woff2» сохранён [21412/21412]

--2025-12-09 19:21:41--  https://library.buffalo.edu/v-47458e1c8779b520b7de22b74cdd4ccf/etc/designs/ubcms/fonts/31981B_1_0-s.woff
Повторное использование соединения с library.buffalo.edu:443.
HTTP-запрос отправлен. Ожидание ответа… 200 OK
Длина: 28840 (28K) [font/woff]
Сохранение в: «library.buffalo.edu/v-47458e1c8779b520b7de22b74cdd4ccf/etc/designs/ubcms/fonts/31981B_1_0-s.woff»

     0K .......... .......... ........                        100% 49,7M=0,001s

2025-12-09 19:21:41 (49,7 MB/s) - «library.buffalo.edu/v-47458e1c8779b520b7de22b74cdd4ccf/etc/designs/ubcms/fonts/31981B_1_0-s.woff» сохранён [28840/28840]

--2025-12-09 19:21:41--  https://library.buffalo.edu/v-47458e1c8779b520b7de22b74cdd4ccf/etc/designs/ubcms/fonts/31981B_2_0-s.woff2
Повторное использование соединения с library.buffalo.edu:443.
HTTP-запрос отправлен. Ожидание ответа… 200 OK
Длина: 16996 (17K) [font/woff2]
Сохранение в: «library.buffalo.edu/v-47458e1c8779b520b7de22b74cdd4ccf/etc/designs/ubcms/fonts/31981B_2_0-s.woff2»

     0K .......... ......                                     100% 39,7M=0s

2025-12-09 19:21:41 (39,7 MB/s) - «library.buffalo.edu/v-47458e1c8779b520b7de22b74cdd4ccf/etc/designs/ubcms/fonts/31981B_2_0-s.woff2» сохранён [16996/16996]

--2025-12-09 19:21:41--  https://library.buffalo.edu/v-47458e1c8779b520b7de22b74cdd4ccf/etc/designs/ubcms/fonts/31981B_2_0-s.woff
Повторное использование соединения с library.buffalo.edu:443.
HTTP-запрос отправлен. Ожидание ответа… 200 OK
Длина: 21956 (21K) [font/woff]
Сохранение в: «library.buffalo.edu/v-47458e1c8779b520b7de22b74cdd4ccf/etc/designs/ubcms/fonts/31981B_2_0-s.woff»

     0K .......... .......... .                               100%  215K=0,1s

2025-12-09 19:21:42 (215 KB/s) - «library.buffalo.edu/v-47458e1c8779b520b7de22b74cdd4ccf/etc/designs/ubcms/fonts/31981B_2_0-s.woff» сохранён [21956/21956]

--2025-12-09 19:21:42--  https://library.buffalo.edu/v-47458e1c8779b520b7de22b74cdd4ccf/etc/designs/ubcms/fonts/08c7f11a-80db-44b4-9732-4d67f8812981-s.woff2
Повторное использование соединения с library.buffalo.edu:443.
HTTP-запрос отправлен. Ожидание ответа… 200 OK
Длина: 18716 (18K) [font/woff2]
Сохранение в: «library.buffalo.edu/v-47458e1c8779b520b7de22b74cdd4ccf/etc/designs/ubcms/fonts/08c7f11a-80db-44b4-9732-4d67f8812981-s.woff2»

     0K .......... ........                                   100% 34,1M=0,001s

2025-12-09 19:21:42 (34,1 MB/s) - «library.buffalo.edu/v-47458e1c8779b520b7de22b74cdd4ccf/etc/designs/ubcms/fonts/08c7f11a-80db-44b4-9732-4d67f8812981-s.woff2» сохранён [18716/18716]

--2025-12-09 19:21:42--  https://library.buffalo.edu/v-47458e1c8779b520b7de22b74cdd4ccf/etc/designs/ubcms/fonts/08c7f11a-80db-44b4-9732-4d67f8812981-s.woff
Повторное использование соединения с library.buffalo.edu:443.
HTTP-запрос отправлен. Ожидание ответа… 200 OK
Длина: 24352 (24K) [font/woff]
Сохранение в: «library.buffalo.edu/v-47458e1c8779b520b7de22b74cdd4ccf/etc/designs/ubcms/fonts/08c7f11a-80db-44b4-9732-4d67f8812981-s.woff»

     0K .......... .......... ...                             100% 37,9M=0,001s

2025-12-09 19:21:42 (37,9 MB/s) - «library.buffalo.edu/v-47458e1c8779b520b7de22b74cdd4ccf/etc/designs/ubcms/fonts/08c7f11a-80db-44b4-9732-4d67f8812981-s.woff» сохранён [24352/24352]

--2025-12-09 19:21:42--  https://library.buffalo.edu/v-47458e1c8779b520b7de22b74cdd4ccf/etc/designs/ubcms/fonts/31981B_3_0-s.woff2
Повторное использование соединения с library.buffalo.edu:443.
HTTP-запрос отправлен. Ожидание ответа… 200 OK
Длина: 14068 (14K) [font/woff2]
Сохранение в: «library.buffalo.edu/v-47458e1c8779b520b7de22b74cdd4ccf/etc/designs/ubcms/fonts/31981B_3_0-s.woff2»

     0K .......... ...                                        100% 22,5M=0,001s

2025-12-09 19:21:42 (22,5 MB/s) - «library.buffalo.edu/v-47458e1c8779b520b7de22b74cdd4ccf/etc/designs/ubcms/fonts/31981B_3_0-s.woff2» сохранён [14068/14068]

--2025-12-09 19:21:42--  https://library.buffalo.edu/v-47458e1c8779b520b7de22b74cdd4ccf/etc/designs/ubcms/fonts/31981B_3_0-s.woff
Повторное использование соединения с library.buffalo.edu:443.
HTTP-запрос отправлен. Ожидание ответа… 200 OK
Длина: 18488 (18K) [font/woff]
Сохранение в: «library.buffalo.edu/v-47458e1c8779b520b7de22b74cdd4ccf/etc/designs/ubcms/fonts/31981B_3_0-s.woff»

     0K .......... ........                                   100% 23,4M=0,001s

2025-12-09 19:21:43 (23,4 MB/s) - «library.buffalo.edu/v-47458e1c8779b520b7de22b74cdd4ccf/etc/designs/ubcms/fonts/31981B_3_0-s.woff» сохранён [18488/18488]

--2025-12-09 19:21:43--  https://library.buffalo.edu/v-47458e1c8779b520b7de22b74cdd4ccf/etc/designs/ubcms/fonts/ubcms.woff
Повторное использование соединения с library.buffalo.edu:443.
HTTP-запрос отправлен. Ожидание ответа… 200 OK
Длина: 16476 (16K) [font/woff]
Сохранение в: «library.buffalo.edu/v-47458e1c8779b520b7de22b74cdd4ccf/etc/designs/ubcms/fonts/ubcms.woff»

     0K .......... ......                                     100% 38,2M=0s

2025-12-09 19:21:43 (38,2 MB/s) - «library.buffalo.edu/v-47458e1c8779b520b7de22b74cdd4ccf/etc/designs/ubcms/fonts/ubcms.woff» сохранён [16476/16476]

--2025-12-09 19:21:43--  https://library.buffalo.edu/v-47458e1c8779b520b7de22b74cdd4ccf/etc/designs/ubcms/clientlibs-main/images/jplayer.blue.monday.jpg
Повторное использование соединения с library.buffalo.edu:443.
HTTP-запрос отправлен. Ожидание ответа… 200 OK
Длина: 7765 (7,6K) [image/jpeg]
Сохранение в: «library.buffalo.edu/v-47458e1c8779b520b7de22b74cdd4ccf/etc/designs/ubcms/clientlibs-main/images/jplayer.blue.monday.jpg»

     0K .......                                               100% 20,5M=0s

2025-12-09 19:21:43 (20,5 MB/s) - «library.buffalo.edu/v-47458e1c8779b520b7de22b74cdd4ccf/etc/designs/ubcms/clientlibs-main/images/jplayer.blue.monday.jpg» сохранён [7765/7765]

--2025-12-09 19:21:43--  https://library.buffalo.edu/v-47458e1c8779b520b7de22b74cdd4ccf/etc/designs/ubcms/clientlibs-main/img/controls.png
Повторное использование соединения с library.buffalo.edu:443.
HTTP-запрос отправлен. Ожидание ответа… 404 Not Found

     0K .......                                               100% 1,71G=0s

2025-12-09 19:21:43 ОШИБКА 404: Not Found.

--2025-12-09 19:21:43--  https://library.buffalo.edu/v-47458e1c8779b520b7de22b74cdd4ccf/etc/designs/ubcms/clientlibs-main/images/footer-bg.png
Повторное использование соединения с library.buffalo.edu:443.
HTTP-запрос отправлен. Ожидание ответа… 200 OK
Длина: 215 [image/png]
Сохранение в: «library.buffalo.edu/v-47458e1c8779b520b7de22b74cdd4ccf/etc/designs/ubcms/clientlibs-main/images/footer-bg.png»

     0K                                                       100% 68,3M=0s

2025-12-09 19:21:43 (68,3 MB/s) - «library.buffalo.edu/v-47458e1c8779b520b7de22b74cdd4ccf/etc/designs/ubcms/clientlibs-main/images/footer-bg.png» сохранён [215/215]

--2025-12-09 19:21:43--  https://library.buffalo.edu/v-47458e1c8779b520b7de22b74cdd4ccf/etc/designs/ubcms/clientlibs-main/images/page-bg-top.png
Повторное использование соединения с library.buffalo.edu:443.
HTTP-запрос отправлен. Ожидание ответа… 200 OK
Длина: 325 [image/png]
Сохранение в: «library.buffalo.edu/v-47458e1c8779b520b7de22b74cdd4ccf/etc/designs/ubcms/clientlibs-main/images/page-bg-top.png»

     0K                                                       100%  103M=0s

2025-12-09 19:21:44 (103 MB/s) - «library.buffalo.edu/v-47458e1c8779b520b7de22b74cdd4ccf/etc/designs/ubcms/clientlibs-main/images/page-bg-top.png» сохранён [325/325]

--2025-12-09 19:21:44--  https://library.buffalo.edu/v-47458e1c8779b520b7de22b74cdd4ccf/etc/designs/ubcms/clientlibs-main/images/page-bg-bottom.png
Повторное использование соединения с library.buffalo.edu:443.
HTTP-запрос отправлен. Ожидание ответа… 200 OK
Длина: 116 [image/png]
Сохранение в: «library.buffalo.edu/v-47458e1c8779b520b7de22b74cdd4ccf/etc/designs/ubcms/clientlibs-main/images/page-bg-bottom.png»

     0K                                                       100% 36,9M=0s

2025-12-09 19:21:44 (36,9 MB/s) - «library.buffalo.edu/v-47458e1c8779b520b7de22b74cdd4ccf/etc/designs/ubcms/clientlibs-main/images/page-bg-bottom.png» сохранён [116/116]

--2025-12-09 19:21:44--  https://library.buffalo.edu/v-47458e1c8779b520b7de22b74cdd4ccf/etc/designs/ubcms/clientlibs-main/images/body-bg-shadows.png
Повторное использование соединения с library.buffalo.edu:443.
HTTP-запрос отправлен. Ожидание ответа… 200 OK
Длина: 12293 (12K) [image/png]
Сохранение в: «library.buffalo.edu/v-47458e1c8779b520b7de22b74cdd4ccf/etc/designs/ubcms/clientlibs-main/images/body-bg-shadows.png»

     0K .......... ..                                         100%  787K=0,02s

2025-12-09 19:21:44 (787 KB/s) - «library.buffalo.edu/v-47458e1c8779b520b7de22b74cdd4ccf/etc/designs/ubcms/clientlibs-main/images/body-bg-shadows.png» сохранён [12293/12293]

--2025-12-09 19:21:44--  https://library.buffalo.edu/v-47458e1c8779b520b7de22b74cdd4ccf/etc/designs/ubcms/clientlibs-main/images/columns-bg-rptr.png
Повторное использование соединения с library.buffalo.edu:443.
HTTP-запрос отправлен. Ожидание ответа… 200 OK
Длина: 162 [image/png]
Сохранение в: «library.buffalo.edu/v-47458e1c8779b520b7de22b74cdd4ccf/etc/designs/ubcms/clientlibs-main/images/columns-bg-rptr.png»

     0K                                                       100% 77,2M=0s

2025-12-09 19:21:44 (77,2 MB/s) - «library.buffalo.edu/v-47458e1c8779b520b7de22b74cdd4ccf/etc/designs/ubcms/clientlibs-main/images/columns-bg-rptr.png» сохранён [162/162]

--2025-12-09 19:21:44--  https://library.buffalo.edu/v-47458e1c8779b520b7de22b74cdd4ccf/etc/designs/ubcms/clientlibs-main/images/right-shadow.png
Повторное использование соединения с library.buffalo.edu:443.
HTTP-запрос отправлен. Ожидание ответа… 200 OK
Длина: 936 [image/png]
Сохранение в: «library.buffalo.edu/v-47458e1c8779b520b7de22b74cdd4ccf/etc/designs/ubcms/clientlibs-main/images/right-shadow.png»

     0K                                                       100%  223M=0s

2025-12-09 19:21:44 (223 MB/s) - «library.buffalo.edu/v-47458e1c8779b520b7de22b74cdd4ccf/etc/designs/ubcms/clientlibs-main/images/right-shadow.png» сохранён [936/936]

--2025-12-09 19:21:44--  https://library.buffalo.edu/v-47458e1c8779b520b7de22b74cdd4ccf/etc/designs/ubcms/clientlibs-main/images/left-col-mod-shadow.png
Повторное использование соединения с library.buffalo.edu:443.
HTTP-запрос отправлен. Ожидание ответа… 200 OK
Длина: 3336 (3,3K) [image/png]
Сохранение в: «library.buffalo.edu/v-47458e1c8779b520b7de22b74cdd4ccf/etc/designs/ubcms/clientlibs-main/images/left-col-mod-shadow.png»

     0K ...                                                   100% 8,86M=0s

2025-12-09 19:21:45 (8,86 MB/s) - «library.buffalo.edu/v-47458e1c8779b520b7de22b74cdd4ccf/etc/designs/ubcms/clientlibs-main/images/left-col-mod-shadow.png» сохранён [3336/3336]

--2025-12-09 19:21:45--  https://library.buffalo.edu/v-47458e1c8779b520b7de22b74cdd4ccf/etc/designs/ubcms/clientlibs-main/images/left-col-cap.png
Повторное использование соединения с library.buffalo.edu:443.
HTTP-запрос отправлен. Ожидание ответа… 200 OK
Длина: 533 [image/png]
Сохранение в: «library.buffalo.edu/v-47458e1c8779b520b7de22b74cdd4ccf/etc/designs/ubcms/clientlibs-main/images/left-col-cap.png»

     0K                                                       100%  169M=0s

2025-12-09 19:21:45 (169 MB/s) - «library.buffalo.edu/v-47458e1c8779b520b7de22b74cdd4ccf/etc/designs/ubcms/clientlibs-main/images/left-col-cap.png» сохранён [533/533]

--2025-12-09 19:21:45--  https://library.buffalo.edu/v-47458e1c8779b520b7de22b74cdd4ccf/etc/designs/ubcms/clientlibs-main/images/left-nav-active-shadow.png
Повторное использование соединения с library.buffalo.edu:443.
HTTP-запрос отправлен. Ожидание ответа… 200 OK
Длина: 135 [image/png]
Сохранение в: «library.buffalo.edu/v-47458e1c8779b520b7de22b74cdd4ccf/etc/designs/ubcms/clientlibs-main/images/left-nav-active-shadow.png»

     0K                                                       100%  129M=0s

2025-12-09 19:21:45 (129 MB/s) - «library.buffalo.edu/v-47458e1c8779b520b7de22b74cdd4ccf/etc/designs/ubcms/clientlibs-main/images/left-nav-active-shadow.png» сохранён [135/135]

--2025-12-09 19:21:45--  https://library.buffalo.edu/v-47458e1c8779b520b7de22b74cdd4ccf/etc/designs/ubcms/clientlibs-main/images/home-center-bg.gif
Повторное использование соединения с library.buffalo.edu:443.
HTTP-запрос отправлен. Ожидание ответа… 200 OK
Длина: 626 [image/gif]
Сохранение в: «library.buffalo.edu/v-47458e1c8779b520b7de22b74cdd4ccf/etc/designs/ubcms/clientlibs-main/images/home-center-bg.gif»

     0K                                                       100%  149M=0s

2025-12-09 19:21:45 (149 MB/s) - «library.buffalo.edu/v-47458e1c8779b520b7de22b74cdd4ccf/etc/designs/ubcms/clientlibs-main/images/home-center-bg.gif» сохранён [626/626]

--2025-12-09 19:21:45--  https://library.buffalo.edu/v-47458e1c8779b520b7de22b74cdd4ccf/etc/designs/ubcms/clientlibs-main/images/homepromos-bg-rptr.png
Повторное использование соединения с library.buffalo.edu:443.
HTTP-запрос отправлен. Ожидание ответа… 200 OK
Длина: 250 [image/png]
Сохранение в: «library.buffalo.edu/v-47458e1c8779b520b7de22b74cdd4ccf/etc/designs/ubcms/clientlibs-main/images/homepromos-bg-rptr.png»

     0K                                                       100%  119M=0s

2025-12-09 19:21:45 (119 MB/s) - «library.buffalo.edu/v-47458e1c8779b520b7de22b74cdd4ccf/etc/designs/ubcms/clientlibs-main/images/homepromos-bg-rptr.png» сохранён [250/250]

--2025-12-09 19:21:45--  https://library.buffalo.edu/v-47458e1c8779b520b7de22b74cdd4ccf/etc/designs/ubcms/clientlibs-main/images/bullet-center-default.gif
Повторное использование соединения с library.buffalo.edu:443.
HTTP-запрос отправлен. Ожидание ответа… 200 OK
Длина: 69 [image/gif]
Сохранение в: «library.buffalo.edu/v-47458e1c8779b520b7de22b74cdd4ccf/etc/designs/ubcms/clientlibs-main/images/bullet-center-default.gif»

     0K                                                       100% 32,9M=0s

2025-12-09 19:21:45 (32,9 MB/s) - «library.buffalo.edu/v-47458e1c8779b520b7de22b74cdd4ccf/etc/designs/ubcms/clientlibs-main/images/bullet-center-default.gif» сохранён [69/69]

--2025-12-09 19:21:45--  https://library.buffalo.edu/v-47458e1c8779b520b7de22b74cdd4ccf/etc/designs/ubcms/clientlibs-main/images/bullet-center-linklist.gif
Повторное использование соединения с library.buffalo.edu:443.
HTTP-запрос отправлен. Ожидание ответа… 200 OK
Длина: 103 [image/gif]
Сохранение в: «library.buffalo.edu/v-47458e1c8779b520b7de22b74cdd4ccf/etc/designs/ubcms/clientlibs-main/images/bullet-center-linklist.gif»

     0K                                                       100% 32,7M=0s

2025-12-09 19:21:46 (32,7 MB/s) - «library.buffalo.edu/v-47458e1c8779b520b7de22b74cdd4ccf/etc/designs/ubcms/clientlibs-main/images/bullet-center-linklist.gif» сохранён [103/103]

--2025-12-09 19:21:46--  https://library.buffalo.edu/v-47458e1c8779b520b7de22b74cdd4ccf/etc/designs/ubcms/clientlibs-main/images/hr.png
Повторное использование соединения с library.buffalo.edu:443.
HTTP-запрос отправлен. Ожидание ответа… 200 OK
Длина: 125 [image/png]
Сохранение в: «library.buffalo.edu/v-47458e1c8779b520b7de22b74cdd4ccf/etc/designs/ubcms/clientlibs-main/images/hr.png»

     0K                                                       100% 39,7M=0s

2025-12-09 19:21:46 (39,7 MB/s) - «library.buffalo.edu/v-47458e1c8779b520b7de22b74cdd4ccf/etc/designs/ubcms/clientlibs-main/images/hr.png» сохранён [125/125]

--2025-12-09 19:21:46--  https://library.buffalo.edu/v-47458e1c8779b520b7de22b74cdd4ccf/etc/designs/ubcms/clientlibs-main/images/video-hover-off.png
Повторное использование соединения с library.buffalo.edu:443.
HTTP-запрос отправлен. Ожидание ответа… 200 OK
Длина: 2253 (2,2K) [image/png]
Сохранение в: «library.buffalo.edu/v-47458e1c8779b520b7de22b74cdd4ccf/etc/designs/ubcms/clientlibs-main/images/video-hover-off.png»

     0K ..                                                    100% 6,71M=0s

2025-12-09 19:21:46 (6,71 MB/s) - «library.buffalo.edu/v-47458e1c8779b520b7de22b74cdd4ccf/etc/designs/ubcms/clientlibs-main/images/video-hover-off.png» сохранён [2253/2253]

--2025-12-09 19:21:46--  https://library.buffalo.edu/v-47458e1c8779b520b7de22b74cdd4ccf/etc/designs/ubcms/clientlibs-main/images/video-hover-on.png
Повторное использование соединения с library.buffalo.edu:443.
HTTP-запрос отправлен. Ожидание ответа… 200 OK
Длина: 1693 (1,7K) [image/png]
Сохранение в: «library.buffalo.edu/v-47458e1c8779b520b7de22b74cdd4ccf/etc/designs/ubcms/clientlibs-main/images/video-hover-on.png»

     0K .                                                     100% 5,19M=0s

2025-12-09 19:21:46 (5,19 MB/s) - «library.buffalo.edu/v-47458e1c8779b520b7de22b74cdd4ccf/etc/designs/ubcms/clientlibs-main/images/video-hover-on.png» сохранён [1693/1693]

--2025-12-09 19:21:46--  https://library.buffalo.edu/v-47458e1c8779b520b7de22b74cdd4ccf/etc/designs/ubcms/clientlibs-main/images/jplayer.png
Повторное использование соединения с library.buffalo.edu:443.
HTTP-запрос отправлен. Ожидание ответа… 200 OK
Длина: 1452 (1,4K) [image/png]
Сохранение в: «library.buffalo.edu/v-47458e1c8779b520b7de22b74cdd4ccf/etc/designs/ubcms/clientlibs-main/images/jplayer.png»

     0K .                                                     100%  462M=0s

2025-12-09 19:21:46 (462 MB/s) - «library.buffalo.edu/v-47458e1c8779b520b7de22b74cdd4ccf/etc/designs/ubcms/clientlibs-main/images/jplayer.png» сохранён [1452/1452]

--2025-12-09 19:21:46--  https://library.buffalo.edu/v-47458e1c8779b520b7de22b74cdd4ccf/etc.clientlibs/wci/components/block/header/clientlibs/resources/ub-logo-white-horizontal-text.svg
Повторное использование соединения с library.buffalo.edu:443.
HTTP-запрос отправлен. Ожидание ответа… 200 OK
Длина: 6939 (6,8K) [image/svg+xml]
Сохранение в: «library.buffalo.edu/v-47458e1c8779b520b7de22b74cdd4ccf/etc.clientlibs/wci/components/block/header/clientlibs/resources/ub-logo-white-horizontal-text.svg»

     0K ......                                                100% 1,62G=0s

2025-12-09 19:21:47 (1,62 GB/s) - «library.buffalo.edu/v-47458e1c8779b520b7de22b74cdd4ccf/etc.clientlibs/wci/components/block/header/clientlibs/resources/ub-logo-white-horizontal-text.svg» сохранён [6939/6939]

--2025-12-09 19:21:47--  https://library.buffalo.edu/v-47458e1c8779b520b7de22b74cdd4ccf/etc.clientlibs/wci/components/block/header/clientlibs/resources/ub-logo-white-horizontal-group.svg
Повторное использование соединения с library.buffalo.edu:443.
HTTP-запрос отправлен. Ожидание ответа… 200 OK
Длина: 7755 (7,6K) [image/svg+xml]
Сохранение в: «library.buffalo.edu/v-47458e1c8779b520b7de22b74cdd4ccf/etc.clientlibs/wci/components/block/header/clientlibs/resources/ub-logo-white-horizontal-group.svg»

     0K .......                                               100% 1,81G=0s

2025-12-09 19:21:47 (1,81 GB/s) - «library.buffalo.edu/v-47458e1c8779b520b7de22b74cdd4ccf/etc.clientlibs/wci/components/block/header/clientlibs/resources/ub-logo-white-horizontal-group.svg» сохранён [7755/7755]

--2025-12-09 19:21:47--  https://library.buffalo.edu/v-47458e1c8779b520b7de22b74cdd4ccf/etc.clientlibs/wci/components/block/header/clientlibs/resources/ub-logo-white-stacked-group.svg
Повторное использование соединения с library.buffalo.edu:443.
HTTP-запрос отправлен. Ожидание ответа… 200 OK
Длина: 7885 (7,7K) [image/svg+xml]
Сохранение в: «library.buffalo.edu/v-47458e1c8779b520b7de22b74cdd4ccf/etc.clientlibs/wci/components/block/header/clientlibs/resources/ub-logo-white-stacked-group.svg»

     0K .......                                               100% 1,47G=0s

2025-12-09 19:21:47 (1,47 GB/s) - «library.buffalo.edu/v-47458e1c8779b520b7de22b74cdd4ccf/etc.clientlibs/wci/components/block/header/clientlibs/resources/ub-logo-white-stacked-group.svg» сохранён [7885/7885]

--2025-12-09 19:21:47--  https://library.buffalo.edu/v-47458e1c8779b520b7de22b74cdd4ccf/etc.clientlibs/wci/components/block/header/clientlibs/resources/ub-logo-blue-horizontal-group.svg
Повторное использование соединения с library.buffalo.edu:443.
HTTP-запрос отправлен. Ожидание ответа… 200 OK
Длина: 7755 (7,6K) [image/svg+xml]
Сохранение в: «library.buffalo.edu/v-47458e1c8779b520b7de22b74cdd4ccf/etc.clientlibs/wci/components/block/header/clientlibs/resources/ub-logo-blue-horizontal-group.svg»

     0K .......                                               100% 1,81G=0s

2025-12-09 19:21:47 (1,81 GB/s) - «library.buffalo.edu/v-47458e1c8779b520b7de22b74cdd4ccf/etc.clientlibs/wci/components/block/header/clientlibs/resources/ub-logo-blue-horizontal-group.svg» сохранён [7755/7755]

--2025-12-09 19:21:47--  https://library.buffalo.edu/v-47458e1c8779b520b7de22b74cdd4ccf/etc.clientlibs/wci/components/block/header/clientlibs/resources/ub-logo-blue-stacked-group.svg
Повторное использование соединения с library.buffalo.edu:443.
HTTP-запрос отправлен. Ожидание ответа… 200 OK
Длина: 7885 (7,7K) [image/svg+xml]
Сохранение в: «library.buffalo.edu/v-47458e1c8779b520b7de22b74cdd4ccf/etc.clientlibs/wci/components/block/header/clientlibs/resources/ub-logo-blue-stacked-group.svg»

     0K .......                                               100% 1,84G=0s

2025-12-09 19:21:47 (1,84 GB/s) - «library.buffalo.edu/v-47458e1c8779b520b7de22b74cdd4ccf/etc.clientlibs/wci/components/block/header/clientlibs/resources/ub-logo-blue-stacked-group.svg» сохранён [7885/7885]

--2025-12-09 19:21:47--  https://library.buffalo.edu/v-47458e1c8779b520b7de22b74cdd4ccf/etc/designs/ubcms/clientlibs-main/images/tfoot-bg.gif
Повторное использование соединения с library.buffalo.edu:443.
HTTP-запрос отправлен. Ожидание ответа… 200 OK
Длина: 972 [image/gif]
Сохранение в: «library.buffalo.edu/v-47458e1c8779b520b7de22b74cdd4ccf/etc/designs/ubcms/clientlibs-main/images/tfoot-bg.gif»

     0K                                                       100%  232M=0s

2025-12-09 19:21:47 (232 MB/s) - «library.buffalo.edu/v-47458e1c8779b520b7de22b74cdd4ccf/etc/designs/ubcms/clientlibs-main/images/tfoot-bg.gif» сохранён [972/972]

--2025-12-09 19:21:47--  https://library.buffalo.edu/v-47458e1c8779b520b7de22b74cdd4ccf/etc/designs/ubcms/clientlibs-main/images/tfoot-bg-cap.gif
Повторное использование соединения с library.buffalo.edu:443.
HTTP-запрос отправлен. Ожидание ответа… 200 OK
Длина: 205 [image/gif]
Сохранение в: «library.buffalo.edu/v-47458e1c8779b520b7de22b74cdd4ccf/etc/designs/ubcms/clientlibs-main/images/tfoot-bg-cap.gif»

     0K                                                       100% 65,2M=0s

2025-12-09 19:21:48 (65,2 MB/s) - «library.buffalo.edu/v-47458e1c8779b520b7de22b74cdd4ccf/etc/designs/ubcms/clientlibs-main/images/tfoot-bg-cap.gif» сохранён [205/205]

--2025-12-09 19:21:48--  https://library.buffalo.edu/v-47458e1c8779b520b7de22b74cdd4ccf/etc.clientlibs/wci/components/content/image/clientlibs/resources/img-placeholder.png
Повторное использование соединения с library.buffalo.edu:443.
HTTP-запрос отправлен. Ожидание ответа… 200 OK
Длина: 2659 (2,6K) [image/png]
Сохранение в: «library.buffalo.edu/v-47458e1c8779b520b7de22b74cdd4ccf/etc.clientlibs/wci/components/content/image/clientlibs/resources/img-placeholder.png»

     0K ..                                                    100% 6,57M=0s

2025-12-09 19:21:48 (6,57 MB/s) - «library.buffalo.edu/v-47458e1c8779b520b7de22b74cdd4ccf/etc.clientlibs/wci/components/content/image/clientlibs/resources/img-placeholder.png» сохранён [2659/2659]

--2025-12-09 19:21:48--  https://library.buffalo.edu/v-47458e1c8779b520b7de22b74cdd4ccf/etc.clientlibs/wci/components/content/facultybio/clientlibs/resources/facultyprofilearticletoolslines.gif
Повторное использование соединения с library.buffalo.edu:443.
HTTP-запрос отправлен. Ожидание ответа… 200 OK
Длина: 79 [image/gif]
Сохранение в: «library.buffalo.edu/v-47458e1c8779b520b7de22b74cdd4ccf/etc.clientlibs/wci/components/content/facultybio/clientlibs/resources/facultyprofilearticletoolslines.gif»

     0K                                                       100% 37,7M=0s

2025-12-09 19:21:48 (37,7 MB/s) - «library.buffalo.edu/v-47458e1c8779b520b7de22b74cdd4ccf/etc.clientlibs/wci/components/content/facultybio/clientlibs/resources/facultyprofilearticletoolslines.gif» сохранён [79/79]

--2025-12-09 19:21:48--  https://library.buffalo.edu/v-47458e1c8779b520b7de22b74cdd4ccf/etc.clientlibs/wci/components/content/facultybio/clientlibs/resources/ubmd_sm.gif
Повторное использование соединения с library.buffalo.edu:443.
HTTP-запрос отправлен. Ожидание ответа… 200 OK
Длина: 455 [image/gif]
Сохранение в: «library.buffalo.edu/v-47458e1c8779b520b7de22b74cdd4ccf/etc.clientlibs/wci/components/content/facultybio/clientlibs/resources/ubmd_sm.gif»

     0K                                                       100%  145M=0s

2025-12-09 19:21:48 (145 MB/s) - «library.buffalo.edu/v-47458e1c8779b520b7de22b74cdd4ccf/etc.clientlibs/wci/components/content/facultybio/clientlibs/resources/ubmd_sm.gif» сохранён [455/455]

--2025-12-09 19:21:48--  https://library.buffalo.edu/v-47458e1c8779b520b7de22b74cdd4ccf/etc.clientlibs/wci/components/content/facultybio/clientlibs/resources/lock_icon.png
Повторное использование соединения с library.buffalo.edu:443.
HTTP-запрос отправлен. Ожидание ответа… 200 OK
Длина: 591 [image/png]
Сохранение в: «library.buffalo.edu/v-47458e1c8779b520b7de22b74cdd4ccf/etc.clientlibs/wci/components/content/facultybio/clientlibs/resources/lock_icon.png»

     0K                                                       100%  188M=0s

2025-12-09 19:21:48 (188 MB/s) - «library.buffalo.edu/v-47458e1c8779b520b7de22b74cdd4ccf/etc.clientlibs/wci/components/content/facultybio/clientlibs/resources/lock_icon.png» сохранён [591/591]

--2025-12-09 19:21:48--  https://library.buffalo.edu/v-47458e1c8779b520b7de22b74cdd4ccf/etc.clientlibs/wci/components/content/facultybio/clientlibs/resources/facultyprofilemapicon.gif
Повторное использование соединения с library.buffalo.edu:443.
HTTP-запрос отправлен. Ожидание ответа… 200 OK
Длина: 608 [image/gif]
Сохранение в: «library.buffalo.edu/v-47458e1c8779b520b7de22b74cdd4ccf/etc.clientlibs/wci/components/content/facultybio/clientlibs/resources/facultyprofilemapicon.gif»

     0K                                                       100%  193M=0s

2025-12-09 19:21:49 (193 MB/s) - «library.buffalo.edu/v-47458e1c8779b520b7de22b74cdd4ccf/etc.clientlibs/wci/components/content/facultybio/clientlibs/resources/facultyprofilemapicon.gif» сохранён [608/608]

--2025-12-09 19:21:49--  https://library.buffalo.edu/v-47458e1c8779b520b7de22b74cdd4ccf/etc.clientlibs/wci/components/content/facultybio/clientlibs/resources/icon.png
Повторное использование соединения с library.buffalo.edu:443.
HTTP-запрос отправлен. Ожидание ответа… 200 OK
Длина: 3263 (3,2K) [image/png]
Сохранение в: «library.buffalo.edu/v-47458e1c8779b520b7de22b74cdd4ccf/etc.clientlibs/wci/components/content/facultybio/clientlibs/resources/icon.png»

     0K ...                                                   100% 8,77M=0s

2025-12-09 19:21:49 (8,77 MB/s) - «library.buffalo.edu/v-47458e1c8779b520b7de22b74cdd4ccf/etc.clientlibs/wci/components/content/facultybio/clientlibs/resources/icon.png» сохранён [3263/3263]

--2025-12-09 19:21:49--  https://library.buffalo.edu/v-47458e1c8779b520b7de22b74cdd4ccf/etc.clientlibs/wci/components/content/download/clientlibs/resources/default.gif
Повторное использование соединения с library.buffalo.edu:443.
HTTP-запрос отправлен. Ожидание ответа… 200 OK
Длина: 125 [image/gif]
Сохранение в: «library.buffalo.edu/v-47458e1c8779b520b7de22b74cdd4ccf/etc.clientlibs/wci/components/content/download/clientlibs/resources/default.gif»

     0K                                                       100% 59,6M=0s

2025-12-09 19:21:49 (59,6 MB/s) - «library.buffalo.edu/v-47458e1c8779b520b7de22b74cdd4ccf/etc.clientlibs/wci/components/content/download/clientlibs/resources/default.gif» сохранён [125/125]

--2025-12-09 19:21:49--  https://library.buffalo.edu/v-47458e1c8779b520b7de22b74cdd4ccf/etc.clientlibs/wci/components/content/download/clientlibs/resources/doc.gif
Повторное использование соединения с library.buffalo.edu:443.
HTTP-запрос отправлен. Ожидание ответа… 200 OK
Длина: 297 [image/gif]
Сохранение в: «library.buffalo.edu/v-47458e1c8779b520b7de22b74cdd4ccf/etc.clientlibs/wci/components/content/download/clientlibs/resources/doc.gif»

     0K                                                       100%  283M=0s

2025-12-09 19:21:49 (283 MB/s) - «library.buffalo.edu/v-47458e1c8779b520b7de22b74cdd4ccf/etc.clientlibs/wci/components/content/download/clientlibs/resources/doc.gif» сохранён [297/297]

--2025-12-09 19:21:49--  https://library.buffalo.edu/v-47458e1c8779b520b7de22b74cdd4ccf/etc.clientlibs/wci/components/content/download/clientlibs/resources/eps.gif
Повторное использование соединения с library.buffalo.edu:443.
HTTP-запрос отправлен. Ожидание ответа… 200 OK
Длина: 189 [image/gif]
Сохранение в: «library.buffalo.edu/v-47458e1c8779b520b7de22b74cdd4ccf/etc.clientlibs/wci/components/content/download/clientlibs/resources/eps.gif»

     0K                                                       100% 90,1M=0s

2025-12-09 19:21:49 (90,1 MB/s) - «library.buffalo.edu/v-47458e1c8779b520b7de22b74cdd4ccf/etc.clientlibs/wci/components/content/download/clientlibs/resources/eps.gif» сохранён [189/189]

--2025-12-09 19:21:49--  https://library.buffalo.edu/v-47458e1c8779b520b7de22b74cdd4ccf/etc.clientlibs/wci/components/content/download/clientlibs/resources/zip.gif
Повторное использование соединения с library.buffalo.edu:443.
HTTP-запрос отправлен. Ожидание ответа… 200 OK
Длина: 261 [image/gif]
Сохранение в: «library.buffalo.edu/v-47458e1c8779b520b7de22b74cdd4ccf/etc.clientlibs/wci/components/content/download/clientlibs/resources/zip.gif»

     0K                                                       100% 35,6M=0s

2025-12-09 19:21:50 (35,6 MB/s) - «library.buffalo.edu/v-47458e1c8779b520b7de22b74cdd4ccf/etc.clientlibs/wci/components/content/download/clientlibs/resources/zip.gif» сохранён [261/261]

--2025-12-09 19:21:50--  https://library.buffalo.edu/v-47458e1c8779b520b7de22b74cdd4ccf/etc.clientlibs/wci/components/content/download/clientlibs/resources/jpg.gif
Повторное использование соединения с library.buffalo.edu:443.
HTTP-запрос отправлен. Ожидание ответа… 200 OK
Длина: 189 [image/gif]
Сохранение в: «library.buffalo.edu/v-47458e1c8779b520b7de22b74cdd4ccf/etc.clientlibs/wci/components/content/download/clientlibs/resources/jpg.gif»

     0K                                                       100% 90,1M=0s

2025-12-09 19:21:50 (90,1 MB/s) - «library.buffalo.edu/v-47458e1c8779b520b7de22b74cdd4ccf/etc.clientlibs/wci/components/content/download/clientlibs/resources/jpg.gif» сохранён [189/189]

--2025-12-09 19:21:50--  https://library.buffalo.edu/v-47458e1c8779b520b7de22b74cdd4ccf/etc.clientlibs/wci/components/content/download/clientlibs/resources/mp3.gif
Повторное использование соединения с library.buffalo.edu:443.
HTTP-запрос отправлен. Ожидание ответа… 200 OK
Длина: 1632 (1,6K) [image/gif]
Сохранение в: «library.buffalo.edu/v-47458e1c8779b520b7de22b74cdd4ccf/etc.clientlibs/wci/components/content/download/clientlibs/resources/mp3.gif»

     0K .                                                     100% 6,20M=0s

2025-12-09 19:21:50 (6,20 MB/s) - «library.buffalo.edu/v-47458e1c8779b520b7de22b74cdd4ccf/etc.clientlibs/wci/components/content/download/clientlibs/resources/mp3.gif» сохранён [1632/1632]

--2025-12-09 19:21:50--  https://library.buffalo.edu/v-47458e1c8779b520b7de22b74cdd4ccf/etc.clientlibs/wci/components/content/download/clientlibs/resources/pdf.gif
Повторное использование соединения с library.buffalo.edu:443.
HTTP-запрос отправлен. Ожидание ответа… 200 OK
Длина: 291 [image/gif]
Сохранение в: «library.buffalo.edu/v-47458e1c8779b520b7de22b74cdd4ccf/etc.clientlibs/wci/components/content/download/clientlibs/resources/pdf.gif»

     0K                                                       100% 92,5M=0s

2025-12-09 19:21:50 (92,5 MB/s) - «library.buffalo.edu/v-47458e1c8779b520b7de22b74cdd4ccf/etc.clientlibs/wci/components/content/download/clientlibs/resources/pdf.gif» сохранён [291/291]

--2025-12-09 19:21:50--  https://library.buffalo.edu/v-47458e1c8779b520b7de22b74cdd4ccf/etc.clientlibs/wci/components/content/download/clientlibs/resources/ppt.gif
Повторное использование соединения с library.buffalo.edu:443.
HTTP-запрос отправлен. Ожидание ответа… 200 OK
Длина: 291 [image/gif]
Сохранение в: «library.buffalo.edu/v-47458e1c8779b520b7de22b74cdd4ccf/etc.clientlibs/wci/components/content/download/clientlibs/resources/ppt.gif»

     0K                                                       100% 92,5M=0s

2025-12-09 19:21:50 (92,5 MB/s) - «library.buffalo.edu/v-47458e1c8779b520b7de22b74cdd4ccf/etc.clientlibs/wci/components/content/download/clientlibs/resources/ppt.gif» сохранён [291/291]

--2025-12-09 19:21:50--  https://library.buffalo.edu/v-47458e1c8779b520b7de22b74cdd4ccf/etc.clientlibs/wci/components/content/download/clientlibs/resources/tif.gif
Повторное использование соединения с library.buffalo.edu:443.
HTTP-запрос отправлен. Ожидание ответа… 200 OK
Длина: 188 [image/gif]
Сохранение в: «library.buffalo.edu/v-47458e1c8779b520b7de22b74cdd4ccf/etc.clientlibs/wci/components/content/download/clientlibs/resources/tif.gif»

     0K                                                       100%  179M=0s

2025-12-09 19:21:51 (179 MB/s) - «library.buffalo.edu/v-47458e1c8779b520b7de22b74cdd4ccf/etc.clientlibs/wci/components/content/download/clientlibs/resources/tif.gif» сохранён [188/188]

--2025-12-09 19:21:51--  https://library.buffalo.edu/v-47458e1c8779b520b7de22b74cdd4ccf/etc.clientlibs/wci/components/content/download/clientlibs/resources/txt.gif
Повторное использование соединения с library.buffalo.edu:443.
HTTP-запрос отправлен. Ожидание ответа… 200 OK
Длина: 139 [image/gif]
Сохранение в: «library.buffalo.edu/v-47458e1c8779b520b7de22b74cdd4ccf/etc.clientlibs/wci/components/content/download/clientlibs/resources/txt.gif»

     0K                                                       100% 66,3M=0s

2025-12-09 19:21:51 (66,3 MB/s) - «library.buffalo.edu/v-47458e1c8779b520b7de22b74cdd4ccf/etc.clientlibs/wci/components/content/download/clientlibs/resources/txt.gif» сохранён [139/139]

--2025-12-09 19:21:51--  https://library.buffalo.edu/v-47458e1c8779b520b7de22b74cdd4ccf/etc.clientlibs/wci/components/content/download/clientlibs/resources/xls.gif
Повторное использование соединения с library.buffalo.edu:443.
HTTP-запрос отправлен. Ожидание ответа… 200 OK
Длина: 291 [image/gif]
Сохранение в: «library.buffalo.edu/v-47458e1c8779b520b7de22b74cdd4ccf/etc.clientlibs/wci/components/content/download/clientlibs/resources/xls.gif»

     0K                                                       100%  139M=0s

2025-12-09 19:21:51 (139 MB/s) - «library.buffalo.edu/v-47458e1c8779b520b7de22b74cdd4ccf/etc.clientlibs/wci/components/content/download/clientlibs/resources/xls.gif» сохранён [291/291]

--2025-12-09 19:21:51--  https://library.buffalo.edu/v-47458e1c8779b520b7de22b74cdd4ccf/etc.clientlibs/wci/components/content/download/clientlibs/resources/gif.gif
Повторное использование соединения с library.buffalo.edu:443.
HTTP-запрос отправлен. Ожидание ответа… 200 OK
Длина: 187 [image/gif]
Сохранение в: «library.buffalo.edu/v-47458e1c8779b520b7de22b74cdd4ccf/etc.clientlibs/wci/components/content/download/clientlibs/resources/gif.gif»

     0K                                                       100% 59,4M=0s

2025-12-09 19:21:51 (59,4 MB/s) - «library.buffalo.edu/v-47458e1c8779b520b7de22b74cdd4ccf/etc.clientlibs/wci/components/content/download/clientlibs/resources/gif.gif» сохранён [187/187]

--2025-12-09 19:21:51--  https://library.buffalo.edu/v-47458e1c8779b520b7de22b74cdd4ccf/etc.clientlibs/wci/components/block/header/clientlibs/resources/ub-logo-blue-horizontal-text.svg
Повторное использование соединения с library.buffalo.edu:443.
HTTP-запрос отправлен. Ожидание ответа… 200 OK
Длина: 6939 (6,8K) [image/svg+xml]
Сохранение в: «library.buffalo.edu/v-47458e1c8779b520b7de22b74cdd4ccf/etc.clientlibs/wci/components/block/header/clientlibs/resources/ub-logo-blue-horizontal-text.svg»

     0K ......                                                100%  945M=0s

2025-12-09 19:21:51 (945 MB/s) - «library.buffalo.edu/v-47458e1c8779b520b7de22b74cdd4ccf/etc.clientlibs/wci/components/block/header/clientlibs/resources/ub-logo-blue-horizontal-text.svg» сохранён [6939/6939]

--2025-12-09 19:21:51--  https://library.buffalo.edu/v-47458e1c8779b520b7de22b74cdd4ccf/etc.clientlibs/wci/components/block/facultybrowserexternal/clientlibs/resources/second_sort_bg.jpg
Повторное использование соединения с library.buffalo.edu:443.
HTTP-запрос отправлен. Ожидание ответа… 200 OK
Длина: 312 [image/jpeg]
Сохранение в: «library.buffalo.edu/v-47458e1c8779b520b7de22b74cdd4ccf/etc.clientlibs/wci/components/block/facultybrowserexternal/clientlibs/resources/second_sort_bg.jpg»

     0K                                                       100% 74,4M=0s

2025-12-09 19:21:52 (74,4 MB/s) - «library.buffalo.edu/v-47458e1c8779b520b7de22b74cdd4ccf/etc.clientlibs/wci/components/block/facultybrowserexternal/clientlibs/resources/second_sort_bg.jpg» сохранён [312/312]

--2025-12-09 19:21:52--  https://library.buffalo.edu/v-47458e1c8779b520b7de22b74cdd4ccf/etc.clientlibs/wci/components/block/facultybrowserexternal/clientlibs/resources/research_interest_bullet.jpg
Повторное использование соединения с library.buffalo.edu:443.
HTTP-запрос отправлен. Ожидание ответа… 200 OK
Длина: 375 [image/jpeg]
Сохранение в: «library.buffalo.edu/v-47458e1c8779b520b7de22b74cdd4ccf/etc.clientlibs/wci/components/block/facultybrowserexternal/clientlibs/resources/research_interest_bullet.jpg»

     0K                                                       100%  179M=0s

2025-12-09 19:21:52 (179 MB/s) - «library.buffalo.edu/v-47458e1c8779b520b7de22b74cdd4ccf/etc.clientlibs/wci/components/block/facultybrowserexternal/clientlibs/resources/research_interest_bullet.jpg» сохранён [375/375]

--2025-12-09 19:21:52--  https://library.buffalo.edu/v-47458e1c8779b520b7de22b74cdd4ccf/etc.clientlibs/wci/components/block/facultybrowserexternal/clientlibs/resources/link_divider_bg.jpg
Повторное использование соединения с library.buffalo.edu:443.
HTTP-запрос отправлен. Ожидание ответа… 200 OK
Длина: 359 [image/jpeg]
Сохранение в: «library.buffalo.edu/v-47458e1c8779b520b7de22b74cdd4ccf/etc.clientlibs/wci/components/block/facultybrowserexternal/clientlibs/resources/link_divider_bg.jpg»

     0K                                                       100%  114M=0s

2025-12-09 19:21:52 (114 MB/s) - «library.buffalo.edu/v-47458e1c8779b520b7de22b74cdd4ccf/etc.clientlibs/wci/components/block/facultybrowserexternal/clientlibs/resources/link_divider_bg.jpg» сохранён [359/359]

--2025-12-09 19:21:52--  https://library.buffalo.edu/v-47458e1c8779b520b7de22b74cdd4ccf/etc.clientlibs/wci/components/block/facultybrowserexternal/clientlibs/resources/active_interest_bg.jpg
Повторное использование соединения с library.buffalo.edu:443.
HTTP-запрос отправлен. Ожидание ответа… 200 OK
Длина: 378 [image/jpeg]
Сохранение в: «library.buffalo.edu/v-47458e1c8779b520b7de22b74cdd4ccf/etc.clientlibs/wci/components/block/facultybrowserexternal/clientlibs/resources/active_interest_bg.jpg»

     0K                                                       100%  120M=0s

2025-12-09 19:21:52 (120 MB/s) - «library.buffalo.edu/v-47458e1c8779b520b7de22b74cdd4ccf/etc.clientlibs/wci/components/block/facultybrowserexternal/clientlibs/resources/active_interest_bg.jpg» сохранён [378/378]

--2025-12-09 19:21:52--  https://library.buffalo.edu/v-47458e1c8779b520b7de22b74cdd4ccf/etc.clientlibs/wci/components/block/facesvoiceshero/clientlibs/resources/fv-bg1.svg
Повторное использование соединения с library.buffalo.edu:443.
HTTP-запрос отправлен. Ожидание ответа… 200 OK
Длина: нет данных [image/svg+xml]
Сохранение в: «library.buffalo.edu/v-47458e1c8779b520b7de22b74cdd4ccf/etc.clientlibs/wci/components/block/facesvoiceshero/clientlibs/resources/fv-bg1.svg»

     0K .......... .......... .......... .......... ........    325K=0,1s

2025-12-09 19:21:53 (325 KB/s) - «library.buffalo.edu/v-47458e1c8779b520b7de22b74cdd4ccf/etc.clientlibs/wci/components/block/facesvoiceshero/clientlibs/resources/fv-bg1.svg» сохранён [49218]

--2025-12-09 19:21:53--  https://library.buffalo.edu/v-47458e1c8779b520b7de22b74cdd4ccf/etc.clientlibs/wci/components/block/facesvoiceshero/clientlibs/resources/fv-bg2.svg
Повторное использование соединения с library.buffalo.edu:443.
HTTP-запрос отправлен. Ожидание ответа… 200 OK
Длина: нет данных [image/svg+xml]
Сохранение в: «library.buffalo.edu/v-47458e1c8779b520b7de22b74cdd4ccf/etc.clientlibs/wci/components/block/facesvoiceshero/clientlibs/resources/fv-bg2.svg»

     0K .......... .......... .......... .......... ........   1,00M=0,05s

2025-12-09 19:21:53 (1,00 MB/s) - «library.buffalo.edu/v-47458e1c8779b520b7de22b74cdd4ccf/etc.clientlibs/wci/components/block/facesvoiceshero/clientlibs/resources/fv-bg2.svg» сохранён [49218]

--2025-12-09 19:21:53--  https://library.buffalo.edu/v-47458e1c8779b520b7de22b74cdd4ccf/etc.clientlibs/wci/components/block/facesvoiceshero/clientlibs/resources/fv-bg3.svg
Повторное использование соединения с library.buffalo.edu:443.
HTTP-запрос отправлен. Ожидание ответа… 200 OK
Длина: нет данных [image/svg+xml]
Сохранение в: «library.buffalo.edu/v-47458e1c8779b520b7de22b74cdd4ccf/etc.clientlibs/wci/components/block/facesvoiceshero/clientlibs/resources/fv-bg3.svg»

     0K .......... .......... .......... .......... ........    468K=0,1s

2025-12-09 19:21:53 (468 KB/s) - «library.buffalo.edu/v-47458e1c8779b520b7de22b74cdd4ccf/etc.clientlibs/wci/components/block/facesvoiceshero/clientlibs/resources/fv-bg3.svg» сохранён [49218]

--2025-12-09 19:21:53--  https://library.buffalo.edu/v-47458e1c8779b520b7de22b74cdd4ccf/etc.clientlibs/wci/components/block/facesvoiceshero/clientlibs/resources/fv-bg4.svg
Повторное использование соединения с library.buffalo.edu:443.
HTTP-запрос отправлен. Ожидание ответа… 200 OK
Длина: нет данных [image/svg+xml]
Сохранение в: «library.buffalo.edu/v-47458e1c8779b520b7de22b74cdd4ccf/etc.clientlibs/wci/components/block/facesvoiceshero/clientlibs/resources/fv-bg4.svg»

     0K .......... .......... .......... .......... ........   56,5M=0,001s

2025-12-09 19:21:53 (56,5 MB/s) - «library.buffalo.edu/v-47458e1c8779b520b7de22b74cdd4ccf/etc.clientlibs/wci/components/block/facesvoiceshero/clientlibs/resources/fv-bg4.svg» сохранён [49218]

--2025-12-09 19:21:53--  https://library.buffalo.edu/v-47458e1c8779b520b7de22b74cdd4ccf/etc/designs/ubcms/clientlibs-main/images/cta-background.png
Повторное использование соединения с library.buffalo.edu:443.
HTTP-запрос отправлен. Ожидание ответа… 200 OK
Длина: 126381 (123K) [image/png]
Сохранение в: «library.buffalo.edu/v-47458e1c8779b520b7de22b74cdd4ccf/etc/designs/ubcms/clientlibs-main/images/cta-background.png»

     0K .......... .......... .......... .......... .......... 40%  530K 0s
    50K .......... .......... .......... .......... .......... 81% 4,25M 0s
   100K .......... .......... ...                             100% 51,3M=0,1s

2025-12-09 19:21:54 (1,13 MB/s) - «library.buffalo.edu/v-47458e1c8779b520b7de22b74cdd4ccf/etc/designs/ubcms/clientlibs-main/images/cta-background.png» сохранён [126381/126381]

--2025-12-09 19:21:54--  https://library.buffalo.edu/v-47458e1c8779b520b7de22b74cdd4ccf/etc.clientlibs/wci/components/block/calltoactionbuttonbar/clientlibs/resources/cta-bg1.svg
Повторное использование соединения с library.buffalo.edu:443.
HTTP-запрос отправлен. Ожидание ответа… 200 OK
Длина: 22757 (22K) [image/svg+xml]
Сохранение в: «library.buffalo.edu/v-47458e1c8779b520b7de22b74cdd4ccf/etc.clientlibs/wci/components/block/calltoactionbuttonbar/clientlibs/resources/cta-bg1.svg»

     0K .......... .......... ..                              100% 38,2M=0,001s

2025-12-09 19:21:54 (38,2 MB/s) - «library.buffalo.edu/v-47458e1c8779b520b7de22b74cdd4ccf/etc.clientlibs/wci/components/block/calltoactionbuttonbar/clientlibs/resources/cta-bg1.svg» сохранён [22757/22757]

--2025-12-09 19:21:54--  https://library.buffalo.edu/v-47458e1c8779b520b7de22b74cdd4ccf/etc.clientlibs/wci/components/block/calltoactionbuttonbar/clientlibs/resources/cta-bg2.svg
Повторное использование соединения с library.buffalo.edu:443.
HTTP-запрос отправлен. Ожидание ответа… 200 OK
Длина: 22757 (22K) [image/svg+xml]
Сохранение в: «library.buffalo.edu/v-47458e1c8779b520b7de22b74cdd4ccf/etc.clientlibs/wci/components/block/calltoactionbuttonbar/clientlibs/resources/cta-bg2.svg»

     0K .......... .......... ..                              100% 48,0M=0s

2025-12-09 19:21:54 (48,0 MB/s) - «library.buffalo.edu/v-47458e1c8779b520b7de22b74cdd4ccf/etc.clientlibs/wci/components/block/calltoactionbuttonbar/clientlibs/resources/cta-bg2.svg» сохранён [22757/22757]

--2025-12-09 19:21:54--  https://library.buffalo.edu/v-47458e1c8779b520b7de22b74cdd4ccf/etc.clientlibs/wci/components/block/calltoactionbuttonbar/clientlibs/resources/cta-bg3.svg
Повторное использование соединения с library.buffalo.edu:443.
HTTP-запрос отправлен. Ожидание ответа… 200 OK
Длина: 22757 (22K) [image/svg+xml]
Сохранение в: «library.buffalo.edu/v-47458e1c8779b520b7de22b74cdd4ccf/etc.clientlibs/wci/components/block/calltoactionbuttonbar/clientlibs/resources/cta-bg3.svg»

     0K .......... .......... ..                              100% 59,1M=0s

2025-12-09 19:21:54 (59,1 MB/s) - «library.buffalo.edu/v-47458e1c8779b520b7de22b74cdd4ccf/etc.clientlibs/wci/components/block/calltoactionbuttonbar/clientlibs/resources/cta-bg3.svg» сохранён [22757/22757]

--2025-12-09 19:21:54--  https://library.buffalo.edu/v-47458e1c8779b520b7de22b74cdd4ccf/etc.clientlibs/wci/components/block/calltoactionbuttonbar/clientlibs/resources/cta-bg4.svg
Повторное использование соединения с library.buffalo.edu:443.
HTTP-запрос отправлен. Ожидание ответа… 200 OK
Длина: 22757 (22K) [image/svg+xml]
Сохранение в: «library.buffalo.edu/v-47458e1c8779b520b7de22b74cdd4ccf/etc.clientlibs/wci/components/block/calltoactionbuttonbar/clientlibs/resources/cta-bg4.svg»

     0K .......... .......... ..                              100% 29,7M=0,001s

2025-12-09 19:21:55 (29,7 MB/s) - «library.buffalo.edu/v-47458e1c8779b520b7de22b74cdd4ccf/etc.clientlibs/wci/components/block/calltoactionbuttonbar/clientlibs/resources/cta-bg4.svg» сохранён [22757/22757]

--2025-12-09 19:21:55--  https://library.buffalo.edu/v-47458e1c8779b520b7de22b74cdd4ccf/etc/designs/ubcms/clientlibs-main/images/breadcrumb-bg-rptr.gif
Повторное использование соединения с library.buffalo.edu:443.
HTTP-запрос отправлен. Ожидание ответа… 200 OK
Длина: 98 [image/gif]
Сохранение в: «library.buffalo.edu/v-47458e1c8779b520b7de22b74cdd4ccf/etc/designs/ubcms/clientlibs-main/images/breadcrumb-bg-rptr.gif»

     0K                                                       100% 31,2M=0s

2025-12-09 19:21:55 (31,2 MB/s) - «library.buffalo.edu/v-47458e1c8779b520b7de22b74cdd4ccf/etc/designs/ubcms/clientlibs-main/images/breadcrumb-bg-rptr.gif» сохранён [98/98]

--2025-12-09 19:21:55--  https://library.buffalo.edu/v-47458e1c8779b520b7de22b74cdd4ccf/content/dam/demo/brags/dashed.svg
Повторное использование соединения с library.buffalo.edu:443.
HTTP-запрос отправлен. Ожидание ответа… 200 OK
Длина: 778 [image/svg+xml]
Сохранение в: «library.buffalo.edu/v-47458e1c8779b520b7de22b74cdd4ccf/content/dam/demo/brags/dashed.svg»

     0K                                                       100%  371M=0s

2025-12-09 19:21:55 (371 MB/s) - «library.buffalo.edu/v-47458e1c8779b520b7de22b74cdd4ccf/content/dam/demo/brags/dashed.svg» сохранён [778/778]

--2025-12-09 19:21:55--  https://library.buffalo.edu/v-47458e1c8779b520b7de22b74cdd4ccf/etc.clientlibs/wci/components/block/alertbanner/clientlibs/resources/alert-header.png
Повторное использование соединения с library.buffalo.edu:443.
HTTP-запрос отправлен. Ожидание ответа… 200 OK
Длина: 7854 (7,7K) [image/png]
Сохранение в: «library.buffalo.edu/v-47458e1c8779b520b7de22b74cdd4ccf/etc.clientlibs/wci/components/block/alertbanner/clientlibs/resources/alert-header.png»

     0K .......                                               100% 10,4M=0,001s

2025-12-09 19:21:55 (10,4 MB/s) - «library.buffalo.edu/v-47458e1c8779b520b7de22b74cdd4ccf/etc.clientlibs/wci/components/block/alertbanner/clientlibs/resources/alert-header.png» сохранён [7854/7854]

--2025-12-09 19:21:55--  https://library.buffalo.edu/v-47458e1c8779b520b7de22b74cdd4ccf/etc/designs/default/images/input_box.gif
Повторное использование соединения с library.buffalo.edu:443.
HTTP-запрос отправлен. Ожидание ответа… 200 OK
Длина: 380 [image/gif]
Сохранение в: «library.buffalo.edu/v-47458e1c8779b520b7de22b74cdd4ccf/etc/designs/default/images/input_box.gif»

     0K                                                       100%  181M=0s

2025-12-09 19:21:56 (181 MB/s) - «library.buffalo.edu/v-47458e1c8779b520b7de22b74cdd4ccf/etc/designs/default/images/input_box.gif» сохранён [380/380]

--2025-12-09 19:21:56--  https://library.buffalo.edu/v-47458e1c8779b520b7de22b74cdd4ccf/etc/designs/default/images/sign_up_btn.gif
Повторное использование соединения с library.buffalo.edu:443.
HTTP-запрос отправлен. Ожидание ответа… 200 OK
Длина: 885 [image/gif]
Сохранение в: «library.buffalo.edu/v-47458e1c8779b520b7de22b74cdd4ccf/etc/designs/default/images/sign_up_btn.gif»

     0K                                                       100%  211M=0s

2025-12-09 19:21:56 (211 MB/s) - «library.buffalo.edu/v-47458e1c8779b520b7de22b74cdd4ccf/etc/designs/default/images/sign_up_btn.gif» сохранён [885/885]

--2025-12-09 19:21:56--  https://library.buffalo.edu/v-47458e1c8779b520b7de22b74cdd4ccf/etc/designs/default/images/social/fieldbg.gif
Повторное использование соединения с library.buffalo.edu:443.
HTTP-запрос отправлен. Ожидание ответа… 200 OK
Длина: 46 [image/gif]
Сохранение в: «library.buffalo.edu/v-47458e1c8779b520b7de22b74cdd4ccf/etc/designs/default/images/social/fieldbg.gif»

     0K                                                       100% 8,77M=0s

2025-12-09 19:21:56 (8,77 MB/s) - «library.buffalo.edu/v-47458e1c8779b520b7de22b74cdd4ccf/etc/designs/default/images/social/fieldbg.gif» сохранён [46/46]

--2025-12-09 19:21:56--  https://library.buffalo.edu/content/dam/library/fonts/icons.eot?88685b
Повторное использование соединения с library.buffalo.edu:443.
HTTP-запрос отправлен. Ожидание ответа… 200 OK
Длина: 26428 (26K) [application/vnd.ms-fontobject]
Сохранение в: «library.buffalo.edu/content/dam/library/fonts/icons.eot?88685b»

     0K .......... .......... .....                           100%  258K=0,1s

2025-12-09 19:21:57 (258 KB/s) - «library.buffalo.edu/content/dam/library/fonts/icons.eot?88685b» сохранён [26428/26428]

--2025-12-09 19:21:57--  https://library.buffalo.edu/content/dam/library/fonts/icons.ttf?88685b
Повторное использование соединения с library.buffalo.edu:443.
HTTP-запрос отправлен. Ожидание ответа… 200 OK
Длина: 26272 (26K) [application/x-font-ttf]
Сохранение в: «library.buffalo.edu/content/dam/library/fonts/icons.ttf?88685b»

     0K .......... .......... .....                           100%  559K=0,05s

2025-12-09 19:21:57 (559 KB/s) - «library.buffalo.edu/content/dam/library/fonts/icons.ttf?88685b» сохранён [26272/26272]

--2025-12-09 19:21:57--  https://library.buffalo.edu/content/dam/library/fonts/icons.woff?88685b
Повторное использование соединения с library.buffalo.edu:443.
HTTP-запрос отправлен. Ожидание ответа… 200 OK
Длина: 26348 (26K) [application/x-font-woff]
Сохранение в: «library.buffalo.edu/content/dam/library/fonts/icons.woff?88685b»

     0K .......... .......... .....                           100% 1,06M=0,02s

2025-12-09 19:21:58 (1,06 MB/s) - «library.buffalo.edu/content/dam/library/fonts/icons.woff?88685b» сохранён [26348/26348]

--2025-12-09 19:21:58--  https://library.buffalo.edu/content/dam/library/fonts/icons.svg?88685b
Повторное использование соединения с library.buffalo.edu:443.
HTTP-запрос отправлен. Ожидание ответа… 200 OK
Длина: нет данных [image/svg+xml]
Сохранение в: «library.buffalo.edu/content/dam/library/fonts/icons.svg?88685b»

     0K .......... .......... .......... .......... .......... 22,6M
    50K .......... .......... .......... ..........             277K=0,1s

2025-12-09 19:21:58 (610 KB/s) - «library.buffalo.edu/content/dam/library/fonts/icons.svg?88685b» сохранён [92622]

--2025-12-09 19:21:58--  https://library.buffalo.edu/content/dam/library/img/homepage-faces-voices.png
Повторное использование соединения с library.buffalo.edu:443.
HTTP-запрос отправлен. Ожидание ответа… 200 OK
Длина: 242814 (237K) [image/png]
Сохранение в: «library.buffalo.edu/content/dam/library/img/homepage-faces-voices.png»

     0K .......... .......... .......... .......... .......... 21% 31,9M 0s
    50K .......... .......... .......... .......... .......... 42% 1,03M 0s
   100K .......... .......... .......... .......... .......... 63% 7,61M 0s
   150K .......... .......... .......... .......... .......... 84% 14,9M 0s
   200K .......... .......... .......... .......              100% 1009K=0,1s

2025-12-09 19:21:58 (2,42 MB/s) - «library.buffalo.edu/content/dam/library/img/homepage-faces-voices.png» сохранён [242814/242814]

--2025-12-09 19:21:58--  https://library.buffalo.edu/v-99bfdcd0f4e9337dce13612ee3f963b4/etc/designs/library/img/your-background.png
Повторное использование соединения с library.buffalo.edu:443.
HTTP-запрос отправлен. Ожидание ответа… 404 Not Found

     0K .......                                               100% 1,37G=0s

2025-12-09 19:21:59 ОШИБКА 404: Not Found.

--2025-12-09 19:21:59--  https://library.buffalo.edu/content/dam/library/img/colorbar-2x.png
Повторное использование соединения с library.buffalo.edu:443.
HTTP-запрос отправлен. Ожидание ответа… 200 OK
Длина: 854 [image/png]
Сохранение в: «library.buffalo.edu/content/dam/library/img/colorbar-2x.png»

     0K                                                       100%  271M=0s

2025-12-09 19:21:59 (271 MB/s) - «library.buffalo.edu/content/dam/library/img/colorbar-2x.png» сохранён [854/854]

--2025-12-09 19:21:59--  https://library.buffalo.edu/content/dam/library/fonts/icons-archives.eot?gpfg9w
Повторное использование соединения с library.buffalo.edu:443.
HTTP-запрос отправлен. Ожидание ответа… 200 OK
Длина: 5268 (5,1K) [application/vnd.ms-fontobject]
Сохранение в: «library.buffalo.edu/content/dam/library/fonts/icons-archives.eot?gpfg9w»

     0K .....                                                 100% 1,23G=0s

2025-12-09 19:21:59 (1,23 GB/s) - «library.buffalo.edu/content/dam/library/fonts/icons-archives.eot?gpfg9w» сохранён [5268/5268]

--2025-12-09 19:21:59--  https://library.buffalo.edu/content/dam/library/fonts/icons-archives.ttf?gpfg9w
Повторное использование соединения с library.buffalo.edu:443.
HTTP-запрос отправлен. Ожидание ответа… 200 OK
Длина: 5112 (5,0K) [application/x-font-ttf]
Сохранение в: «library.buffalo.edu/content/dam/library/fonts/icons-archives.ttf?gpfg9w»

     0K ....                                                  100%  975M=0s

2025-12-09 19:21:59 (975 MB/s) - «library.buffalo.edu/content/dam/library/fonts/icons-archives.ttf?gpfg9w» сохранён [5112/5112]

--2025-12-09 19:21:59--  https://library.buffalo.edu/content/dam/library/fonts/icons-archives.woff?gpfg9w
Повторное использование соединения с library.buffalo.edu:443.
HTTP-запрос отправлен. Ожидание ответа… 200 OK
Длина: 5188 (5,1K) [application/x-font-woff]
Сохранение в: «library.buffalo.edu/content/dam/library/fonts/icons-archives.woff?gpfg9w»

     0K .....                                                 100% 1,60M=0,003s

2025-12-09 19:21:59 (1,60 MB/s) - «library.buffalo.edu/content/dam/library/fonts/icons-archives.woff?gpfg9w» сохранён [5188/5188]

--2025-12-09 19:21:59--  https://library.buffalo.edu/content/dam/library/fonts/icons-archives.svg?gpfg9w
Повторное использование соединения с library.buffalo.edu:443.
HTTP-запрос отправлен. Ожидание ответа… 200 OK
Длина: 17993 (18K) [image/svg+xml]
Сохранение в: «library.buffalo.edu/content/dam/library/fonts/icons-archives.svg?gpfg9w»

     0K .......... .......                                    100% 46,1M=0s

2025-12-09 19:22:00 (46,1 MB/s) - «library.buffalo.edu/content/dam/library/fonts/icons-archives.svg?gpfg9w» сохранён [17993/17993]

--2025-12-09 19:22:00--  https://library.buffalo.edu/content/dam/library/img/home-page-austin-flint.jpg
Повторное использование соединения с library.buffalo.edu:443.
HTTP-запрос отправлен. Ожидание ответа… 200 OK
Длина: 431908 (422K) [image/jpeg]
Сохранение в: «library.buffalo.edu/content/dam/library/img/home-page-austin-flint.jpg»

     0K .......... .......... .......... .......... .......... 11% 22,6M 0s
    50K .......... .......... .......... .......... .......... 23% 10,9M 0s
   100K .......... .......... .......... .......... .......... 35% 2,08M 0s
   150K .......... .......... .......... .......... .......... 47% 12,7M 0s
   200K .......... .......... .......... .......... .......... 59% 11,0M 0s
   250K .......... .......... .......... .......... .......... 71% 5,80M 0s
   300K .......... .......... .......... .......... .......... 82% 5,52M 0s
   350K .......... .......... .......... .......... .......... 94% 14,3M 0s
   400K .......... .......... .                               100% 76,8M=0,06s

2025-12-09 19:22:00 (6,94 MB/s) - «library.buffalo.edu/content/dam/library/img/home-page-austin-flint.jpg» сохранён [431908/431908]

ЗАВЕРШЕНО --2025-12-09 19:22:00--
Общее время: 30s
Загружено: 119 файлов, 7,9M за 3,6s (2,17 MB/s)
Преобразование ссылок в library.buffalo.edu/jamesjoyce.html… 58.
35-23
Преобразование ссылок в library.buffalo.edu/v-99bfdcd0f4e9337dce13612ee3f963b4/etc/designs/library/css/main.css… 22.
21-1
Преобразование ссылок в library.buffalo.edu/v-47458e1c8779b520b7de22b74cdd4ccf/etc/designs/ubcms/clientlibs.min.47458e1c8779b520b7de22b74cdd4ccf.css… 137.
133-4
Преобразование ссылок в library.buffalo.edu/etc/designs/ubcms/clientlibs-angular/ubcms-es2015.min.11ae9198cf7dce27d3cf94a5b757cdb5.11ae9198cf7dce27d3cf94a5b757cdb5.css… нечего выполнять.
Ссылки преобразованы в файлы (4) за 0,02 секунд.
