Открывается файл WARC «jjda.warc.gz».

--2025-12-09 19:36:43--  https://jjda.ie/
Распознаётся jjda.ie (jjda.ie)… 185.199.108.153, 185.199.111.153, 185.199.109.153, ...
Подключение к jjda.ie (jjda.ie)|185.199.108.153|:443... соединение установлено.
HTTP-запрос отправлен. Ожидание ответа… 200 OK
Длина: 20284 (20K) [text/html]
Сохранение в: «jjda.ie/index.html»

     0K .......... .........                                  100%  441K=0,04s

2025-12-09 19:36:48 (441 KB/s) - «jjda.ie/index.html» сохранён [20284/20284]

Загружается robots.txt; не обращайте внимание на ошибки.
--2025-12-09 19:36:48--  https://jjda.ie/robots.txt
Повторное использование соединения с jjda.ie:443.
HTTP-запрос отправлен. Ожидание ответа… 404 Not Found

     0K .........                                             100% 92,1K=0,1s

2025-12-09 19:36:48 ОШИБКА 404: Not Found.

--2025-12-09 19:36:48--  https://jjda.ie/css/bootstrap.min.css
Повторное использование соединения с jjda.ie:443.
HTTP-запрос отправлен. Ожидание ответа… 200 OK
Длина: 121607 (119K) [text/css]
Сохранение в: «jjda.ie/css/bootstrap.min.css»

     0K .......... .......... .......... .......... .......... 42%  485K 0s
    50K .......... .......... .......... .......... .......... 84% 1,33M 0s
   100K .......... ........                                   100% 6,25M=0,1s

2025-12-09 19:36:49 (832 KB/s) - «jjda.ie/css/bootstrap.min.css» сохранён [121607/121607]

--2025-12-09 19:36:49--  https://jjda.ie/css/homestyles.css
Повторное использование соединения с jjda.ie:443.
HTTP-запрос отправлен. Ожидание ответа… 200 OK
Длина: 2048 (2,0K) [text/css]
Сохранение в: «jjda.ie/css/homestyles.css»

     0K ..                                                    100% 20,0K=0,1s

2025-12-09 19:36:49 (20,0 KB/s) - «jjda.ie/css/homestyles.css» сохранён [2048/2048]

--2025-12-09 19:36:49--  https://jjda.ie/u/uhome.htm
Повторное использование соединения с jjda.ie:443.
HTTP-запрос отправлен. Ожидание ответа… 200 OK
Длина: 23897 (23K) [text/html]
Сохранение в: «jjda.ie/u/uhome.htm»

     0K .......... .......... ...                             100%  133M=0s

2025-12-09 19:36:49 (133 MB/s) - «jjda.ie/u/uhome.htm» сохранён [23897/23897]

--2025-12-09 19:36:49--  https://jjda.ie/f/fwhome.htm
Повторное использование соединения с jjda.ie:443.
HTTP-запрос отправлен. Ожидание ответа… 200 OK
Длина: 20712 (20K) [text/html]
Сохранение в: «jjda.ie/f/fwhome.htm»

     0K .......... ..........                                 100% 45,6M=0s

2025-12-09 19:36:49 (45,6 MB/s) - «jjda.ie/f/fwhome.htm» сохранён [20712/20712]

--2025-12-09 19:36:49--  https://jjda.ie/jjdaacknow.htm
Повторное использование соединения с jjda.ie:443.
HTTP-запрос отправлен. Ожидание ответа… 200 OK
Длина: 19667 (19K) [text/html]
Сохранение в: «jjda.ie/jjdaacknow.htm»

     0K .......... .........                                  100% 96,2M=0s

2025-12-09 19:36:49 (96,2 MB/s) - «jjda.ie/jjdaacknow.htm» сохранён [19667/19667]

--2025-12-09 19:36:49--  https://jjda.ie/js/bootstrap.min.js
Повторное использование соединения с jjda.ie:443.
HTTP-запрос отправлен. Ожидание ответа… 200 OK
Длина: 37045 (36K) [application/javascript]
Сохранение в: «jjda.ie/js/bootstrap.min.js»

     0K .......... .......... .......... ......               100%  357K=0,1s

2025-12-09 19:36:50 (357 KB/s) - «jjda.ie/js/bootstrap.min.js» сохранён [37045/37045]

--2025-12-09 19:36:50--  https://jjda.ie/js/homescripts.js
Повторное использование соединения с jjda.ie:443.
HTTP-запрос отправлен. Ожидание ответа… 200 OK
Длина: 2458 (2,4K) [application/javascript]
Сохранение в: «jjda.ie/js/homescripts.js»

     0K ..                                                    100% 80,8M=0s

2025-12-09 19:36:50 (80,8 MB/s) - «jjda.ie/js/homescripts.js» сохранён [2458/2458]

--2025-12-09 19:36:50--  https://jjda.ie/fonts/glyphicons-halflings-regular.eot
Повторное использование соединения с jjda.ie:443.
HTTP-запрос отправлен. Ожидание ответа… 404 Not Found

     0K .........                                             100%  186M=0s

2025-12-09 19:36:50 ОШИБКА 404: Not Found.

--2025-12-09 19:36:50--  https://jjda.ie/fonts/glyphicons-halflings-regular.eot?
Повторное использование соединения с jjda.ie:443.
HTTP-запрос отправлен. Ожидание ответа… 404 Not Found

     0K .........                                             100%  140M=0s

2025-12-09 19:36:50 ОШИБКА 404: Not Found.

--2025-12-09 19:36:50--  https://jjda.ie/fonts/glyphicons-halflings-regular.woff2
Повторное использование соединения с jjda.ie:443.
HTTP-запрос отправлен. Ожидание ответа… 404 Not Found

     0K .........                                             100% 92,7K=0,1s

2025-12-09 19:36:50 ОШИБКА 404: Not Found.

--2025-12-09 19:36:50--  https://jjda.ie/fonts/glyphicons-halflings-regular.woff
Повторное использование соединения с jjda.ie:443.
HTTP-запрос отправлен. Ожидание ответа… 404 Not Found

     0K .........                                             100% 61,3M=0s

2025-12-09 19:36:51 ОШИБКА 404: Not Found.

--2025-12-09 19:36:51--  https://jjda.ie/fonts/glyphicons-halflings-regular.ttf
Повторное использование соединения с jjda.ie:443.
HTTP-запрос отправлен. Ожидание ответа… 404 Not Found

     0K .........                                             100%  218M=0s

2025-12-09 19:36:51 ОШИБКА 404: Not Found.

--2025-12-09 19:36:51--  https://jjda.ie/fonts/glyphicons-halflings-regular.svg
Повторное использование соединения с jjda.ie:443.
HTTP-запрос отправлен. Ожидание ответа… 404 Not Found

     0K .........                                             100% 90,6K=0,1s

2025-12-09 19:36:51 ОШИБКА 404: Not Found.

--2025-12-09 19:36:51--  https://jjda.ie/images/header.jpg
Повторное использование соединения с jjda.ie:443.
HTTP-запрос отправлен. Ожидание ответа… 200 OK
Длина: 431902 (422K) [image/jpeg]
Сохранение в: «jjda.ie/images/header.jpg»

     0K .......... .......... .......... .......... .......... 11%  487K 1s
    50K .......... .......... .......... .......... .......... 23% 1,03M 0s
   100K .......... .......... .......... .......... .......... 35% 10,3M 0s
   150K .......... .......... .......... .......... .......... 47%  734K 0s
   200K .......... .......... .......... .......... .......... 59% 50,9M 0s
   250K .......... .......... .......... .......... .......... 71% 40,1M 0s
   300K .......... .......... .......... .......... .......... 82% 49,2M 0s
   350K .......... .......... .......... .......... .......... 94% 2,74M 0s
   400K .......... .......... .                               100% 7,01M=0,2s

2025-12-09 19:36:52 (1,67 MB/s) - «jjda.ie/images/header.jpg» сохранён [431902/431902]

--2025-12-09 19:36:52--  https://jjda.ie/images/jjda_footer.jpg
Повторное использование соединения с jjda.ie:443.
HTTP-запрос отправлен. Ожидание ответа… 200 OK
Длина: 169101 (165K) [image/jpeg]
Сохранение в: «jjda.ie/images/jjda_footer.jpg»

     0K .......... .......... .......... .......... .......... 30% 7,01M 0s
    50K .......... .......... .......... .......... .......... 60% 25,7M 0s
   100K .......... .......... .......... .......... .......... 90% 1,11M 0s
   150K .......... .....                                      100% 55,0M=0,05s

2025-12-09 19:36:52 (3,04 MB/s) - «jjda.ie/images/jjda_footer.jpg» сохранён [169101/169101]

--2025-12-09 19:36:52--  https://jjda.ie/u/ff/css/uthemes.css
Повторное использование соединения с jjda.ie:443.
HTTP-запрос отправлен. Ожидание ответа… 200 OK
Длина: 151601 (148K) [text/css]
Сохранение в: «jjda.ie/u/ff/css/uthemes.css»

     0K .......... .......... .......... .......... .......... 33% 7,87M 0s
    50K .......... .......... .......... .......... .......... 67% 7,37M 0s
   100K .......... .......... .......... .......... ........  100%  462K=0,1s

2025-12-09 19:36:52 (1,24 MB/s) - «jjda.ie/u/ff/css/uthemes.css» сохранён [151601/151601]

--2025-12-09 19:36:52--  https://jjda.ie/u/ff/css/styles.css
Повторное использование соединения с jjda.ie:443.
HTTP-запрос отправлен. Ожидание ответа… 200 OK
Длина: 5923 (5,8K) [text/css]
Сохранение в: «jjda.ie/u/ff/css/styles.css»

     0K .....                                                 100%  157M=0s

2025-12-09 19:36:53 (157 MB/s) - «jjda.ie/u/ff/css/styles.css» сохранён [5923/5923]

--2025-12-09 19:36:53--  https://jjda.ie/u/jjda_icon.png
Повторное использование соединения с jjda.ie:443.
HTTP-запрос отправлен. Ожидание ответа… 200 OK
Длина: 9932 (9,7K) [image/png]
Сохранение в: «jjda.ie/u/jjda_icon.png»

     0K .........                                             100%  148M=0s

2025-12-09 19:36:53 (148 MB/s) - «jjda.ie/u/jjda_icon.png» сохранён [9932/9932]

--2025-12-09 19:36:53--  https://jjda.ie/u/ff/js/jquery.js
Повторное использование соединения с jjda.ie:443.
HTTP-запрос отправлен. Ожидание ответа… 200 OK
Длина: 95783 (94K) [application/javascript]
Сохранение в: «jjda.ie/u/ff/js/jquery.js»

     0K .......... .......... .......... .......... .......... 53% 11,6M 0s
    50K .......... .......... .......... .......... ...       100%  297K=0,2s

2025-12-09 19:36:53 (621 KB/s) - «jjda.ie/u/ff/js/jquery.js» сохранён [95783/95783]

--2025-12-09 19:36:53--  https://jjda.ie/u/ff/js/bootstrap.js
Повторное использование соединения с jjda.ie:443.
HTTP-запрос отправлен. Ожидание ответа… 200 OK
Длина: 69707 (68K) [application/javascript]
Сохранение в: «jjda.ie/u/ff/js/bootstrap.js»

     0K .......... .......... .......... .......... .......... 73% 9,90M 0s
    50K .......... ........                                   100% 75,1M=0,005s

2025-12-09 19:36:54 (12,9 MB/s) - «jjda.ie/u/ff/js/bootstrap.js» сохранён [69707/69707]

--2025-12-09 19:36:54--  https://jjda.ie/f/ff/css/fwthemes.css
Повторное использование соединения с jjda.ie:443.
HTTP-запрос отправлен. Ожидание ответа… 200 OK
Длина: 151591 (148K) [text/css]
Сохранение в: «jjda.ie/f/ff/css/fwthemes.css»

     0K .......... .......... .......... .......... .......... 33% 13,1M 0s
    50K .......... .......... .......... .......... .......... 67% 10,0M 0s
   100K .......... .......... .......... .......... ........  100%  453K=0,1s

2025-12-09 19:36:54 (1,26 MB/s) - «jjda.ie/f/ff/css/fwthemes.css» сохранён [151591/151591]

--2025-12-09 19:36:54--  https://jjda.ie/f/ff/css/styles.css
Повторное использование соединения с jjda.ie:443.
HTTP-запрос отправлен. Ожидание ответа… 200 OK
Длина: 5923 (5,8K) [text/css]
Сохранение в: «jjda.ie/f/ff/css/styles.css»

     0K .....                                                 100%  138M=0s

2025-12-09 19:36:54 (138 MB/s) - «jjda.ie/f/ff/css/styles.css» сохранён [5923/5923]

--2025-12-09 19:36:54--  https://jjda.ie/f/jjda_icon.png
Повторное использование соединения с jjda.ie:443.
HTTP-запрос отправлен. Ожидание ответа… 200 OK
Длина: 9932 (9,7K) [image/png]
Сохранение в: «jjda.ie/f/jjda_icon.png»

     0K .........                                             100%  150M=0s

2025-12-09 19:36:54 (150 MB/s) - «jjda.ie/f/jjda_icon.png» сохранён [9932/9932]

--2025-12-09 19:36:54--  https://jjda.ie/f/ff/js/jquery.js
Повторное использование соединения с jjda.ie:443.
HTTP-запрос отправлен. Ожидание ответа… 200 OK
Длина: 95783 (94K) [application/javascript]
Сохранение в: «jjda.ie/f/ff/js/jquery.js»

     0K .......... .......... .......... .......... .......... 53% 20,3M 0s
    50K .......... .......... .......... .......... ...       100%  913K=0,05s

2025-12-09 19:36:55 (1,82 MB/s) - «jjda.ie/f/ff/js/jquery.js» сохранён [95783/95783]

--2025-12-09 19:36:55--  https://jjda.ie/f/ff/js/bootstrap.js
Повторное использование соединения с jjda.ie:443.
HTTP-запрос отправлен. Ожидание ответа… 200 OK
Длина: 69707 (68K) [application/javascript]
Сохранение в: «jjda.ie/f/ff/js/bootstrap.js»

     0K .......... .......... .......... .......... .......... 73% 35,5M 0s
    50K .......... ........                                   100% 44,2M=0,002s

2025-12-09 19:36:55 (37,5 MB/s) - «jjda.ie/f/ff/js/bootstrap.js» сохранён [69707/69707]

--2025-12-09 19:36:55--  https://jjda.ie/js/contact.js
Повторное использование соединения с jjda.ie:443.
HTTP-запрос отправлен. Ожидание ответа… 404 Not Found

     0K .........                                             100% 87,6K=0,1s

2025-12-09 19:36:55 ОШИБКА 404: Not Found.

--2025-12-09 19:36:55--  https://jjda.ie/u/ff/fonts/glyphicons-halflings-regular.eot
Повторное использование соединения с jjda.ie:443.
HTTP-запрос отправлен. Ожидание ответа… 404 Not Found

     0K .........                                             100%  242M=0s

2025-12-09 19:36:55 ОШИБКА 404: Not Found.

--2025-12-09 19:36:55--  https://jjda.ie/u/ff/fonts/glyphicons-halflings-regular.eot?
Повторное использование соединения с jjda.ie:443.
HTTP-запрос отправлен. Ожидание ответа… 404 Not Found

     0K .........                                             100%  166M=0s

2025-12-09 19:36:55 ОШИБКА 404: Not Found.

--2025-12-09 19:36:55--  https://jjda.ie/u/ff/fonts/glyphicons-halflings-regular.woff2
Повторное использование соединения с jjda.ie:443.
HTTP-запрос отправлен. Ожидание ответа… 404 Not Found

     0K .........                                             100% 75,8M=0s

2025-12-09 19:36:56 ОШИБКА 404: Not Found.

--2025-12-09 19:36:56--  https://jjda.ie/u/ff/fonts/glyphicons-halflings-regular.woff
Повторное использование соединения с jjda.ie:443.
HTTP-запрос отправлен. Ожидание ответа… 404 Not Found

     0K .........                                             100% 19,2M=0s

2025-12-09 19:36:56 ОШИБКА 404: Not Found.

--2025-12-09 19:36:56--  https://jjda.ie/u/ff/fonts/glyphicons-halflings-regular.ttf
Повторное использование соединения с jjda.ie:443.
HTTP-запрос отправлен. Ожидание ответа… 404 Not Found

     0K .........                                             100% 97,2M=0s

2025-12-09 19:36:56 ОШИБКА 404: Not Found.

--2025-12-09 19:36:56--  https://jjda.ie/u/ff/fonts/glyphicons-halflings-regular.svg
Повторное использование соединения с jjda.ie:443.
HTTP-запрос отправлен. Ожидание ответа… 404 Not Found

     0K .........                                             100%  132M=0s

2025-12-09 19:36:56 ОШИБКА 404: Not Found.

--2025-12-09 19:36:56--  https://jjda.ie/f/ff/fonts/glyphicons-halflings-regular.eot
Повторное использование соединения с jjda.ie:443.
HTTP-запрос отправлен. Ожидание ответа… 404 Not Found

     0K .........                                             100% 34,3M=0s

2025-12-09 19:36:56 ОШИБКА 404: Not Found.

--2025-12-09 19:36:56--  https://jjda.ie/f/ff/fonts/glyphicons-halflings-regular.eot?
Повторное использование соединения с jjda.ie:443.
HTTP-запрос отправлен. Ожидание ответа… 404 Not Found

     0K .........                                             100% 64,3M=0s

2025-12-09 19:36:56 ОШИБКА 404: Not Found.

--2025-12-09 19:36:56--  https://jjda.ie/f/ff/fonts/glyphicons-halflings-regular.woff2
Повторное использование соединения с jjda.ie:443.
HTTP-запрос отправлен. Ожидание ответа… 404 Not Found

     0K .........                                             100%  132M=0s

2025-12-09 19:36:56 ОШИБКА 404: Not Found.

--2025-12-09 19:36:56--  https://jjda.ie/f/ff/fonts/glyphicons-halflings-regular.woff
Повторное использование соединения с jjda.ie:443.
HTTP-запрос отправлен. Ожидание ответа… 404 Not Found

     0K .........                                             100% 68,8M=0s

2025-12-09 19:36:57 ОШИБКА 404: Not Found.

--2025-12-09 19:36:57--  https://jjda.ie/f/ff/fonts/glyphicons-halflings-regular.ttf
Повторное использование соединения с jjda.ie:443.
HTTP-запрос отправлен. Ожидание ответа… 404 Not Found

     0K .........                                             100% 91,5K=0,1s

2025-12-09 19:36:57 ОШИБКА 404: Not Found.

--2025-12-09 19:36:57--  https://jjda.ie/f/ff/fonts/glyphicons-halflings-regular.svg
Повторное использование соединения с jjda.ie:443.
HTTP-запрос отправлен. Ожидание ответа… 404 Not Found

     0K .........                                             100%  190M=0s

2025-12-09 19:36:57 ОШИБКА 404: Not Found.

ЗАВЕРШЕНО --2025-12-09 19:36:57--
Общее время: 14s
Загружено: 20 файлов, 1,4M за 1,1s (1,28 MB/s)
Преобразование ссылок в jjda.ie/u/uhome.htm… 88.
12-76
Преобразование ссылок в jjda.ie/jjdaacknow.htm… 10.
7-3
Преобразование ссылок в jjda.ie/index.html… 13.
12-1
Преобразование ссылок в jjda.ie/f/fwhome.htm… 75.
10-65
Преобразование ссылок в jjda.ie/u/ff/css/styles.css… нечего выполнять.
Преобразование ссылок в jjda.ie/f/ff/css/styles.css… нечего выполнять.
Преобразование ссылок в jjda.ie/u/ff/css/uthemes.css… 6.
0-6
Преобразование ссылок в jjda.ie/css/homestyles.css… 2.
2-0
Преобразование ссылок в jjda.ie/css/bootstrap.min.css… 6.
0-6
Преобразование ссылок в jjda.ie/f/ff/css/fwthemes.css… 6.
0-6
Ссылки преобразованы в файлы (10) за 0,02 секунд.
