Открывается файл WARC «essays.warc.gz».

--2025-12-09 11:35:42--  https://www.joyceproject.com/1
Распознаётся www.joyceproject.com (www.joyceproject.com)… 161.35.177.172
Подключение к www.joyceproject.com (www.joyceproject.com)|161.35.177.172|:443... соединение установлено.
HTTP-запрос отправлен. Ожидание ответа… 200 OK
Длина: 948 [text/html]
Сохранение в: «www.joyceproject.com/1.html»

     0K                                                       100%  226M=0s

2025-12-09 11:35:42 (226 MB/s) - «www.joyceproject.com/1.html» сохранён [948/948]

Загружается robots.txt; не обращайте внимание на ошибки.
--2025-12-09 11:35:42--  https://www.joyceproject.com/robots.txt
Повторное использование соединения с www.joyceproject.com:443.
HTTP-запрос отправлен. Ожидание ответа… 200 OK
Длина: 948 [text/html]
Сохранение в: «www.joyceproject.com/robots.txt.html»

     0K                                                       100%  301M=0s

2025-12-09 11:35:42 (301 MB/s) - «www.joyceproject.com/robots.txt.html» сохранён [948/948]

--2025-12-09 11:35:42--  https://www.joyceproject.com/static/icon.png
Повторное использование соединения с www.joyceproject.com:443.
HTTP-запрос отправлен. Ожидание ответа… 200 OK
Длина: 12213 (12K) [image/png]
Сохранение в: «www.joyceproject.com/static/icon.png»

     0K .......... .                                          100%  288K=0,04s

2025-12-09 11:35:43 (288 KB/s) - «www.joyceproject.com/static/icon.png» сохранён [12213/12213]

--2025-12-09 11:35:43--  https://www.joyceproject.com/static/js/joyce.6309206e5fff75f2b902.js
Повторное использование соединения с www.joyceproject.com:443.
HTTP-запрос отправлен. Ожидание ответа… 200 OK
Длина: 1083290 (1,0M) [application/javascript]
Сохранение в: «www.joyceproject.com/static/js/joyce.6309206e5fff75f2b902.js»

     0K .......... .......... .......... .......... ..........  4%  634K 2s
    50K .......... .......... .......... .......... ..........  9%  537K 2s
   100K .......... .......... .......... .......... .......... 14% 1,43M 1s
   150K .......... .......... .......... .......... .......... 18% 2,28M 1s
   200K .......... .......... .......... .......... .......... 23% 13,0M 1s
   250K .......... .......... .......... .......... .......... 28% 2,49M 1s
   300K .......... .......... .......... .......... .......... 33% 1,03M 1s
   350K .......... .......... .......... .......... .......... 37% 71,2M 0s
   400K .......... .......... .......... .......... .......... 42% 1006K 0s
   450K .......... .......... .......... .......... .......... 47%  930K 0s
   500K .......... .......... .......... .......... .......... 51% 9,51M 0s
   550K .......... .......... .......... .......... .......... 56% 6,19M 0s
   600K .......... .......... .......... .......... .......... 61% 11,8M 0s
   650K .......... .......... .......... .......... .......... 66% 1,50M 0s
   700K .......... .......... .......... .......... .......... 70% 10,5M 0s
   750K .......... .......... .......... .......... .......... 75% 7,01M 0s
   800K .......... .......... .......... .......... .......... 80% 1,88M 0s
   850K .......... .......... .......... .......... .......... 85% 5,46M 0s
   900K .......... .......... .......... .......... .......... 89% 7,43M 0s
   950K .......... .......... .......... .......... .......... 94%  503K 0s
  1000K .......... .......... .......... .......... .......... 99%  470K 0s
  1050K .......                                               100%  158K=0,7s

2025-12-09 11:35:44 (1,45 MB/s) - «www.joyceproject.com/static/js/joyce.6309206e5fff75f2b902.js» сохранён [1083290/1083290]

ЗАВЕРШЕНО --2025-12-09 11:35:44--
Общее время: 1,8s
Загружено: 4 файлов, 1,0M за 0,8s (1,39 MB/s)
Преобразование ссылок в www.joyceproject.com/robots.txt.html… 2.
2-0
Преобразование ссылок в www.joyceproject.com/1.html… 2.
2-0
Ссылки преобразованы в файлы (2) за 0,003 секунд.
