Открывается файл WARC «joyceproject.warc.gz».

--2025-12-09 11:30:36--  https://www.joyceproject.com/1
Распознаётся www.joyceproject.com (www.joyceproject.com)… 161.35.177.172
Подключение к www.joyceproject.com (www.joyceproject.com)|161.35.177.172|:443... соединение установлено.
HTTP-запрос отправлен. Ожидание ответа… 200 OK
Длина: 948 [text/html]
Сохранение в: «www.joyceproject.com/1.html»

     0K                                                       100% 25,8M=0s

2025-12-09 11:30:37 (25,8 MB/s) - «www.joyceproject.com/1.html» сохранён [948/948]

Загружается robots.txt; не обращайте внимание на ошибки.
--2025-12-09 11:30:37--  https://www.joyceproject.com/robots.txt
Повторное использование соединения с www.joyceproject.com:443.
HTTP-запрос отправлен. Ожидание ответа… 200 OK
Длина: 948 [text/html]
Сохранение в: «www.joyceproject.com/robots.txt.html»

     0K                                                       100% 25,8M=0s

2025-12-09 11:30:38 (25,8 MB/s) - «www.joyceproject.com/robots.txt.html» сохранён [948/948]

--2025-12-09 11:30:38--  https://www.joyceproject.com/static/icon.png
Повторное использование соединения с www.joyceproject.com:443.
HTTP-запрос отправлен. Ожидание ответа… 200 OK
Длина: 12213 (12K) [image/png]
Сохранение в: «www.joyceproject.com/static/icon.png»

     0K .......... .                                          100% 2,27G=0s

2025-12-09 11:30:38 (2,27 GB/s) - «www.joyceproject.com/static/icon.png» сохранён [12213/12213]

--2025-12-09 11:30:38--  https://www.joyceproject.com/static/js/joyce.6309206e5fff75f2b902.js
Повторное использование соединения с www.joyceproject.com:443.
HTTP-запрос отправлен. Ожидание ответа… 200 OK
Длина: 1083290 (1,0M) [application/javascript]
Сохранение в: «www.joyceproject.com/static/js/joyce.6309206e5fff75f2b902.js»

     0K .......... .......... .......... .......... ..........  4%  225K 4s
    50K .......... .......... .......... .......... ..........  9%  280K 4s
   100K .......... .......... .......... .......... .......... 14%  274K 4s
   150K .......... .......... .......... .......... .......... 18%  379K 3s
   200K .......... .......... .......... .......... .......... 23%  373K 3s
   250K .......... .......... .......... .......... .......... 28%  186K 3s
   300K .......... .......... .......... .......... .......... 33%  367K 3s
   350K .......... .......... .......... .......... .......... 37% 84,5K 3s
   400K .......... .......... .......... .......... .......... 42%  135K 3s
   450K .......... .......... .......... .......... .......... 47%  141K 3s
   500K .......... .......... .......... .......... .......... 51%  126K 3s
   550K .......... .......... .......... .......... .......... 56%  188K 2s
   600K .......... .......... .......... .......... .......... 61%  227K 2s
   650K .......... .......... .......... .......... .......... 66%  103K 2s
   700K .......... .......... .......... .......... .......... 70% 79,4K 2s
   750K .......... .......... .......... .......... .......... 75%  113K 2s
   800K .......... .......... .......... .......... .......... 80%  282K 1s
   850K .......... .......... .......... .......... .......... 85%  190K 1s
   900K .......... .......... .......... .......... .......... 89%  174K 1s
   950K .......... .......... .......... .......... .......... 94%  164K 0s
  1000K .......... .......... .......... .......... .......... 99%  106K 0s
  1050K .......                                               100% 24,0M=6,5s

2025-12-09 11:30:45 (162 KB/s) - «www.joyceproject.com/static/js/joyce.6309206e5fff75f2b902.js» сохранён [1083290/1083290]

ЗАВЕРШЕНО --2025-12-09 11:30:45--
Общее время: 8,3s
Загружено: 4 файлов, 1,0M за 6,5s (164 KB/s)
Преобразование ссылок в www.joyceproject.com/robots.txt.html… 2.
2-0
Преобразование ссылок в www.joyceproject.com/1.html… 2.
2-0
Ссылки преобразованы в файлы (2) за 0,001 секунд.
