Открывается файл WARC «joycesociety.warc.gz».

--2025-12-09 20:24:22--  https://joycesociety.com/
Распознаётся joycesociety.com (joycesociety.com)… 198.185.159.145, 198.49.23.145, 198.185.159.144, ...
Подключение к joycesociety.com (joycesociety.com)|198.185.159.145|:443... соединение установлено.
HTTP-запрос отправлен. Ожидание ответа… 200 OK
Длина: 139456 (136K) [text/html]
Сохранение в: «joycesociety.com/index.html»

     0K .......... .......... .......... .......... .......... 36%  147K 1s
    50K .......... .......... .......... .......... .......... 73%  738K 0s
   100K .......... .......... .......... ......               100%  283K=0,5s

2025-12-09 20:24:23 (254 KB/s) - «joycesociety.com/index.html» сохранён [139456/139456]

Загружается robots.txt; не обращайте внимание на ошибки.
--2025-12-09 20:24:23--  https://joycesociety.com/robots.txt
Повторное использование соединения с joycesociety.com:443.
HTTP-запрос отправлен. Ожидание ответа… 200 OK
Длина: 1507 (1,5K) [text/plain]
Сохранение в: «joycesociety.com/robots.txt»

     0K .                                                     100%  359M=0s

2025-12-09 20:24:23 (359 MB/s) - «joycesociety.com/robots.txt» сохранён [1507/1507]

--2025-12-09 20:24:23--  https://joycesociety.com/cart
Повторное использование соединения с joycesociety.com:443.
HTTP-запрос отправлен. Ожидание ответа… 200 OK
Длина: нет данных [text/html]
Сохранение в: «joycesociety.com/cart.html»

     0K .......... .......... .......... .......... .......... 1,10M
    50K .......... .......... .......... .....                  343K=0,1s

2025-12-09 20:24:24 (580 KB/s) - «joycesociety.com/cart.html» сохранён [87056]

--2025-12-09 20:24:24--  https://joycesociety.com/about
Повторное использование соединения с joycesociety.com:443.
HTTP-запрос отправлен. Ожидание ответа… 200 OK
Длина: нет данных [text/html]
Сохранение в: «joycesociety.com/about.html»

     0K .......... .......... .......... .......... .......... 8,13M
    50K .......... .......... .......... .......... .......... 1010K
   100K .......... .......... .......... .                      301K=0,2s

2025-12-09 20:24:25 (822 KB/s) - «joycesociety.com/about.html» сохранён [134481]

--2025-12-09 20:24:25--  https://joycesociety.com/membership
Повторное использование соединения с joycesociety.com:443.
HTTP-запрос отправлен. Ожидание ответа… 200 OK
Длина: 132191 (129K) [text/html]
Сохранение в: «joycesociety.com/membership.html»

     0K .......... .......... .......... .......... .......... 38%  170K 0s
    50K .......... .......... .......... .......... .......... 77%  838K 0s
   100K .......... .......... .........                       100% 2,46M=0,4s

2025-12-09 20:24:25 (354 KB/s) - «joycesociety.com/membership.html» сохранён [132191/132191]

--2025-12-09 20:24:25--  https://joycesociety.com/events
Повторное использование соединения с joycesociety.com:443.
HTTP-запрос отправлен. Ожидание ответа… 200 OK
Длина: 566793 (554K) [text/html]
Сохранение в: «joycesociety.com/events.html»

     0K .......... .......... .......... .......... ..........  9% 2,10M 0s
    50K .......... .......... .......... .......... .......... 18% 1,14M 0s
   100K .......... .......... .......... .......... .......... 27% 1,69M 0s
   150K .......... .......... .......... .......... .......... 36% 1,77M 0s
   200K .......... .......... .......... .......... .......... 45% 1,73M 0s
   250K .......... .......... .......... .......... .......... 54% 3,33M 0s
   300K .......... .......... .......... .......... .......... 63% 1,84M 0s
   350K .......... .......... .......... .......... .......... 72% 2,95M 0s
   400K .......... .......... .......... .......... .......... 81% 3,61M 0s
   450K .......... .......... .......... .......... .......... 90% 1,75M 0s
   500K .......... .......... .......... .......... .......... 99%  461K 0s
   550K ...                                                   100% 70,2K=0,4s

2025-12-09 20:24:26 (1,51 MB/s) - «joycesociety.com/events.html» сохранён [566793/566793]

--2025-12-09 20:24:26--  https://joycesociety.com/readinggroups
Повторное использование соединения с joycesociety.com:443.
HTTP-запрос отправлен. Ожидание ответа… 200 OK
Длина: нет данных [text/html]
Сохранение в: «joycesociety.com/readinggroups.html»

     0K .......... .......... .......... .......... .......... 13,5M
    50K .......... .......... .......... .......... .......... 6,18M
   100K .......... .......... .......... .......... .......... 1,55M
   150K .......... ..                                           120K=0,1s

2025-12-09 20:24:26 (1,08 MB/s) - «joycesociety.com/readinggroups.html» сохранён [166281]

--2025-12-09 20:24:26--  https://joycesociety.com/archive
Повторное использование соединения с joycesociety.com:443.
HTTP-запрос отправлен. Ожидание ответа… 200 OK
Длина: нет данных [text/html]
Сохранение в: «joycesociety.com/archive.html»

     0K .......... .......... .......... .......... .......... 11,8M
    50K .......... .......... .......... .......... .......... 3,15M
   100K .......... .......... .......... .......... ...         425K=0,1s

2025-12-09 20:24:26 (1,15 MB/s) - «joycesociety.com/archive.html» сохранён [147197]

--2025-12-09 20:24:26--  https://joycesociety.com/contact
Повторное использование соединения с joycesociety.com:443.
HTTP-запрос отправлен. Ожидание ответа… 200 OK
Длина: 95321 (93K) [text/html]
Сохранение в: «joycesociety.com/contact.html»

     0K .......... .......... .......... .......... .......... 53% 38,8M 0s
    50K .......... .......... .......... .......... ...       100%  380K=0,1s

2025-12-09 20:24:27 (812 KB/s) - «joycesociety.com/contact.html» сохранён [95321/95321]

ЗАВЕРШЕНО --2025-12-09 20:24:27--
Общее время: 4,3s
Загружено: 9 файлов, 1,4M за 1,9s (737 KB/s)
Преобразование ссылок в joycesociety.com/archive.html… 81.
26-54
Преобразование ссылок в joycesociety.com/about.html… 40.
27-12
Преобразование ссылок в joycesociety.com/events.html… 214.
27-186
Преобразование ссылок в joycesociety.com/contact.html… 39.
26-12
Преобразование ссылок в joycesociety.com/readinggroups.html… 40.
27-12
Преобразование ссылок в joycesociety.com/cart.html… 39.
26-12
Преобразование ссылок в joycesociety.com/index.html… 40.
27-12
Преобразование ссылок в joycesociety.com/membership.html… 45.
26-18
Ссылки преобразованы в файлы (8) за 0,02 секунд.
